\BOOKMARK [0][-]{section*.2}{\376\377\000D\000i\000f\000f\000e\000r\000e\000n\000t\000i\000a\000b\000l\000e\000\040\000D\000i\000s\000c\000r\000e\000t\000e\000\040\000S\000y\000m\000p\000l\000e\000c\000t\000i\000c\000\040\000C\000o\000s\000m\000o\000l\000o\000g\000y\000:\000\040\000F\000o\000r\000w\000a\000r\000d\000\040\000S\000i\000m\000u\000l\000a\000t\000i\000o\000n\000\040\000a\000n\000d\000\040\000I\000n\000v\000e\000r\000s\000e\000\040\000R\000e\000c\000o\000n\000s\000t\000r\000u\000c\000t\000i\000o\000n\000\040\000o\000f\000\040\000C\000M\000B\000-\000l\000i\000k\000e\000\040\000F\000l\000u\000c\000t\000u\000a\000t\000i\000o\000n\000s}{}% 2
\BOOKMARK [1][-]{section*.1}{\376\377\000A\000b\000s\000t\000r\000a\000c\000t}{section*.2}% 1
\BOOKMARK [1][-]{section*.3}{\376\377\000I\000n\000t\000r\000o\000d\000u\000c\000t\000i\000o\000n}{section*.2}% 3
\BOOKMARK [1][-]{section*.4}{\376\377\000T\000h\000e\000o\000r\000e\000t\000i\000c\000a\000l\000\040\000B\000a\000c\000k\000g\000r\000o\000u\000n\000d}{section*.2}% 4
\BOOKMARK [2][-]{section*.5}{\376\377\000T\000h\000e\000\040\000D\000S\000C\000\040\000f\000r\000a\000m\000e\000w\000o\000r\000k}{section*.4}% 5
\BOOKMARK [2][-]{section*.9}{\376\377\000D\000e\000r\000i\000v\000a\000t\000i\000o\000n\000\040\000o\000f\000\040\000t\000h\000e\000\040\0001\000/\000l\000n\0002\000\040\000c\000o\000o\000l\000i\000n\000g\000\040\000l\000a\000w}{section*.4}% 6
\BOOKMARK [2][-]{section*.10}{\376\377\000F\000r\000o\000m\000\040\000H\000\351\000n\000o\000n\000\040\000m\000a\000p\000s\000\040\000t\000o\000\040\000S\000t\000\366\000r\000m\000e\000r\040\023\000V\000e\000r\000l\000e\000t}{section*.4}% 7
\BOOKMARK [2][-]{section*.12}{\376\377\000A\000c\000o\000u\000s\000t\000i\000c\000\040\000f\000r\000e\000e\000z\000e\000-\000o\000u\000t}{section*.4}% 8
\BOOKMARK [1][-]{section*.13}{\376\377\000N\000u\000m\000e\000r\000i\000c\000a\000l\000\040\000M\000e\000t\000h\000o\000d\000s}{section*.2}% 9
\BOOKMARK [2][-]{section*.14}{\376\377\000T\000w\000o\000-\000d\000i\000m\000e\000n\000s\000i\000o\000n\000a\000l\000\040\000s\000y\000m\000p\000l\000e\000c\000t\000i\000c\000\040\000l\000a\000t\000t\000i\000c\000e}{section*.13}% 10
\BOOKMARK [2][-]{section*.15}{\376\377\000T\000h\000r\000e\000e\000-\000d\000i\000m\000e\000n\000s\000i\000o\000n\000a\000l\000\040\000l\000a\000t\000t\000i\000c\000e\000\040\000a\000n\000d\000\040\000s\000p\000h\000e\000r\000e\000\040\000p\000r\000o\000j\000e\000c\000t\000i\000o\000n}{section*.13}% 11
\BOOKMARK [2][-]{section*.16}{\376\377\000D\000i\000s\000s\000i\000p\000a\000t\000i\000v\000e\000\040\000b\000a\000s\000e\000l\000i\000n\000e\000:\000\040\000c\000o\000u\000p\000l\000e\000d\000\040\000m\000a\000p\000\040\000l\000a\000t\000t\000i\000c\000e}{section*.13}% 12
\BOOKMARK [2][-]{section*.17}{\376\377\000A\000n\000a\000l\000y\000s\000i\000s\000\040\000p\000i\000p\000e\000l\000i\000n\000e}{section*.13}% 13
\BOOKMARK [2][-]{section*.22}{\376\377\000S\000i\000m\000u\000l\000a\000t\000i\000o\000n\000-\000b\000a\000s\000e\000d\000\040\000i\000n\000f\000e\000r\000e\000n\000c\000e}{section*.13}% 14
\BOOKMARK [1][-]{section*.23}{\376\377\000R\000e\000s\000u\000l\000t\000s}{section*.2}% 15
\BOOKMARK [2][-]{section*.24}{\376\377\000E\000m\000e\000r\000g\000e\000n\000t\000\040\000n\000e\000a\000r\000-\000G\000a\000u\000s\000s\000i\000a\000n\000\040\000s\000t\000a\000t\000i\000s\000t\000i\000c\000s}{section*.23}% 16
\BOOKMARK [2][-]{section*.25}{\376\377\000A\000b\000l\000a\000t\000i\000o\000n\000:\000\040\000s\000y\000m\000p\000l\000e\000c\000t\000i\000c\000\040\000o\000u\000t\000p\000e\000r\000f\000o\000r\000m\000s\000\040\000d\000i\000s\000s\000i\000p\000a\000t\000i\000v\000e\000\040\000d\000y\000n\000a\000m\000i\000c\000s}{section*.23}% 17
\BOOKMARK [2][-]{section*.26}{\376\377\000A\000c\000o\000u\000s\000t\000i\000c\000-\000l\000i\000k\000e\000\040\000o\000s\000c\000i\000l\000l\000a\000t\000i\000o\000n\000\040\000p\000e\000a\000k\000s}{section*.23}% 18
\BOOKMARK [2][-]{section*.27}{\376\377\000A\000c\000o\000u\000s\000t\000i\000c\000\040\000f\000r\000e\000e\000z\000e\000-\000o\000u\000t\000\040\000a\000n\000d\000\040\000f\000i\000n\000i\000t\000e\000\040\000h\000o\000r\000i\000z\000o\000n}{section*.23}% 19
\BOOKMARK [2][-]{section*.28}{\376\377\000P\000a\000r\000a\000m\000e\000t\000e\000r\000\040\000r\000e\000c\000o\000v\000e\000r\000y\000\040\000v\000i\000a\000\040\000t\000w\000i\000n\000\040\000e\000x\000p\000e\000r\000i\000m\000e\000n\000t}{section*.23}% 20
\BOOKMARK [2][-]{section*.29}{\376\377\000C\000o\000m\000p\000a\000r\000i\000s\000o\000n\000\040\000w\000i\000t\000h\000\040\000P\000l\000a\000n\000c\000k\000\040\000S\000M\000I\000C\000A\000\040\000d\000a\000t\000a}{section*.23}% 21
\BOOKMARK [2][-]{section*.30}{\376\377\000P\000a\000r\000a\000m\000e\000t\000e\000r\000\040\000r\000o\000b\000u\000s\000t\000n\000e\000s\000s}{section*.23}% 22
\BOOKMARK [2][-]{section*.31}{\376\377\000N\000u\000l\000l\000\040\000t\000e\000s\000t\000:\000\040\000G\000a\000u\000s\000s\000i\000a\000n\000\040\000r\000a\000n\000d\000o\000m\000\040\000f\000i\000e\000l\000d\000\040\000b\000a\000s\000e\000l\000i\000n\000e}{section*.23}% 23
\BOOKMARK [2][-]{section*.32}{\376\377\000L\000a\000t\000t\000i\000c\000e\000-\000s\000i\000z\000e\000\040\000c\000o\000n\000v\000e\000r\000g\000e\000n\000c\000e}{section*.23}% 24
\BOOKMARK [2][-]{section*.33}{\376\377\000Q\000u\000a\000n\000t\000i\000t\000a\000t\000i\000v\000e\000\040\000c\000o\000m\000p\000a\000r\000i\000s\000o\000n\000\040\000w\000i\000t\000h\000\040\000P\000l\000a\000n\000c\000k\000\040\000C\000\137\000l}{section*.23}% 25
\BOOKMARK [2][-]{section*.34}{\376\377\000D\000i\000f\000f\000e\000r\000e\000n\000t\000i\000a\000b\000l\000e\000\040\000i\000n\000v\000e\000r\000s\000e\000\040\000r\000e\000c\000o\000n\000s\000t\000r\000u\000c\000t\000i\000o\000n\000\040\000f\000r\000o\000m\000\040\000P\000l\000a\000n\000c\000k\000\040\000d\000a\000t\000a}{section*.23}% 26
\BOOKMARK [2][-]{section*.38}{\376\377\000F\000u\000l\000l\000\040\000c\000o\000s\000m\000i\000c\000\040\000t\000i\000m\000e\000l\000i\000n\000e\000:\000\040\000B\000i\000g\000\040\000B\000a\000n\000g\000\040\000t\000o\000\040\000c\000o\000s\000m\000i\000c\000\040\000w\000e\000b}{section*.23}% 27
\BOOKMARK [1][-]{section*.39}{\376\377\000D\000i\000s\000c\000u\000s\000s\000i\000o\000n}{section*.2}% 28
\BOOKMARK [1][-]{section*.46}{\376\377\000L\000i\000m\000i\000t\000a\000t\000i\000o\000n\000s}{section*.2}% 29
\BOOKMARK [1][-]{section*.47}{\376\377\000C\000o\000n\000c\000l\000u\000s\000i\000o\000n}{section*.2}% 30
\BOOKMARK [1][-]{section*.48}{\376\377\000A\000c\000k\000n\000o\000w\000l\000e\000d\000g\000m\000e\000n\000t\000s}{section*.2}% 31
\BOOKMARK [1][-]{section*.49}{\376\377\000D\000a\000t\000a\000\040\000A\000v\000a\000i\000l\000a\000b\000i\000l\000i\000t\000y\000\040\000S\000t\000a\000t\000e\000m\000e\000n\000t}{section*.2}% 32
\BOOKMARK [1][-]{section*.50}{\376\377\000O\000v\000e\000r\000v\000i\000e\000w\000\040\000F\000i\000g\000u\000r\000e}{section*.2}% 33
\BOOKMARK [1][-]{section*.51}{\376\377\000R\000e\000f\000e\000r\000e\000n\000c\000e\000s}{section*.2}% 34
