This is pdfTeX, Version 3.141592653-2.6-1.40.22 (TeX Live 2022/dev/Debian) (preloaded format=pdflatex 2026.4.1)  9 APR 2026 17:27
entering extended mode
 restricted \write18 enabled.
 %&-line parsing enabled.
**main.tex
(./main.tex
LaTeX2e <2021-11-15> patch level 1
L3 programming layer <2022-01-21>
(/usr/share/texlive/texmf-dist/tex/latex/revtex/revtex4-2.cls
Document Class: revtex4-2 2020/10/03 4.2e (https://journals.aps.org/revtex/ for
 documentation)
 Copyright (c) 2019 American Physical Society.
 mailto:revtex@aps.org
 Licensed under the LPPL:
http://www.ctan.org/tex-archive/macros/latex/base/lppl.txt
 Arthur Ogawa <arthur_ogawa at sbcglobal dot net>
 Based on work by David Carlisle <david at dcarlisle.demon.co.uk>
 Version (4.2d,4.2e): Modified by Mark Doyle and Phelype Oleinik
 .
ltxutil[2020/10/03 4.2e utilities package (portions licensed from W. E. Baxter 
web at superscript.com)]
LaTeX Info: Redefining \@centercr on input line 356.
Class revtex4-2 Info: Repairing hyperref-unfriendly LaTeX definition of \mpfoot
note on input line 481.
Class revtex4-2 Info: Repairing broken LateX \@sect on input line 803.
\intertabularlinepenalty=\count185
\@tbpen=\count186
\@arstrutbox@hline=\box50
Class revtex4-2 Info: Repairing broken LaTeX \@xbitor on input line 1834.
Class revtex4-2 Info: Making \typeout \long on input line 2099.
ltxfront[2020/10/03 4.2e frontmatter package (AO,DPC,MD)]
\c@affil=\count187
\c@collab=\count188
\absbox=\box51
ltxgrid[2020/10/03 4.2e page grid package (portions licensed from W. E. Baxter 
web at superscript.com)]
\c@linecount=\count189
\output@latex=\toks16
\box@size@1=\box52
\box@size@2=\box53
\@protection@box=\box54
\@topmark@saved=\toks17
\footins@saved=\box55
\footins@recovered=\box56
\column@recovered=\box57
\pagesofar=\box58
\footsofar=\box59
\pagegrid@col=\count190
Class revtex4-2 Info: Overriding \@vspace, \@vspacer, \@no@pgbk, \@newline, and
 \\  on input line 5665.
\c@part=\count191
\c@section=\count192
\c@subsection=\count193
\c@subsubsection=\count194
\c@paragraph=\count195
\c@subparagraph=\count196
\abovecaptionskip=\skip47
\belowcaptionskip=\skip48
\c@figure=\count197
\fbox@1=\box60
\c@table=\count198
\fbox@2=\box61
\c@video=\count199
\fbox@4=\box62
\@bibdataout=\write3
\widetext@top=\box63
\widetext@bot=\box64
Class revtex4-2 Info: Selecting society aps on input line 7658.
(/usr/share/texlive/texmf-dist/tex/latex/revtex/aps4-2.rtx
File: aps4-2 2020/10/03 4.2e (https://journals.aps.org/revtex/ for documentatio
n)
Class revtex4-2 Info: RevTeX society APS selected on input line 40.
)
Class revtex4-2 Info: Selecting journal prd on input line 7660.
Class revtex4-2 Info: APS journal PRD selected on input line 7661.


Class revtex4-2 Warning: No type size specified, using default 10.

(/usr/share/texlive/texmf-dist/tex/latex/revtex/aps10pt4-2.rtx
File: aps10pt4-2 2020/10/03 4.2e (https://journals.aps.org/revtex/ for document
ation)
Class revtex4-2 Info: RevTeX pointsize 10pt selected on input line 39.
)
(/usr/share/texlive/texmf-dist/tex/latex/textcase/textcase.sty
Package: textcase 2019/09/14 v1.00 Text only upper/lower case changing (DPC)
)
(/usr/share/texlive/texmf-dist/tex/latex/url/url.sty
\Urlmuskip=\muskip16
Package: url 2013/09/16  ver 3.4  Verb mode for urls, etc.
)
(/usr/share/texlive/texmf-dist/tex/latex/natbib/natbib.sty
Package: natbib 2010/09/13 8.31b (PWD, AO)
\bibhang=\skip49
\bibsep=\skip50
LaTeX Info: Redefining \cite on input line 694.
\c@NAT@ctr=\count266
)
Class revtex4-2 Info: Repairing natbib's \BibitemShut on input line 7665.

(/usr/share/texlive/texmf-dist/tex/latex/revtex/revsymb4-2.sty
Package: revsymb4-2 2020/10/03 4.2e (https://journals.aps.org/revtex/ for docum
entation)
LaTeX Info: Redefining \REV@mathfrak on input line 128.
))
(/usr/share/texlive/texmf-dist/tex/latex/amsmath/amsmath.sty
Package: amsmath 2021/10/15 v2.17l AMS math features
\@mathmargin=\skip51

For additional information on amsmath, use the `?' option.
(/usr/share/texlive/texmf-dist/tex/latex/amsmath/amstext.sty
Package: amstext 2021/08/26 v2.01 AMS text

(/usr/share/texlive/texmf-dist/tex/latex/amsmath/amsgen.sty
File: amsgen.sty 1999/11/30 v2.0 generic functions
\@emptytoks=\toks18
\ex@=\dimen138
)
LaTeX Info: Redefining \text on input line 28.
)
(/usr/share/texlive/texmf-dist/tex/latex/amsmath/amsbsy.sty
Package: amsbsy 1999/11/29 v1.2d Bold Symbols
\pmbraise@=\dimen139
)
(/usr/share/texlive/texmf-dist/tex/latex/amsmath/amsopn.sty
Package: amsopn 2021/08/26 v2.02 operator names
)
\inf@bad=\count267
LaTeX Info: Redefining \frac on input line 234.
\uproot@=\count268
\leftroot@=\count269
LaTeX Info: Redefining \overline on input line 399.
\classnum@=\count270
\DOTSCASE@=\count271
LaTeX Info: Redefining \ldots on input line 496.
LaTeX Info: Redefining \dots on input line 499.
LaTeX Info: Redefining \cdots on input line 620.
\Mathstrutbox@=\box65
\strutbox@=\box66
\big@size=\dimen140
LaTeX Font Info:    Redeclaring font encoding OML on input line 743.
LaTeX Font Info:    Redeclaring font encoding OMS on input line 744.
\macc@depth=\count272
\c@MaxMatrixCols=\count273
\dotsspace@=\muskip17
\c@parentequation=\count274
\dspbrk@lvl=\count275
\tag@help=\toks19
\row@=\count276
\column@=\count277
\maxfields@=\count278
\andhelp@=\toks20
\eqnshift@=\dimen141
\alignsep@=\dimen142
\tagshift@=\dimen143
\tagwidth@=\dimen144
\totwidth@=\dimen145
\lineht@=\dimen146
\@envbody=\toks21
\multlinegap=\skip52
\multlinetaggap=\skip53
\mathdisplay@stack=\toks22
LaTeX Info: Redefining \[ on input line 2938.
LaTeX Info: Redefining \] on input line 2939.
)
(/usr/share/texlive/texmf-dist/tex/latex/amsfonts/amssymb.sty
Package: amssymb 2013/01/14 v3.01 AMS font symbols

(/usr/share/texlive/texmf-dist/tex/latex/amsfonts/amsfonts.sty
Package: amsfonts 2013/01/14 v3.01 Basic AMSFonts support
\symAMSa=\mathgroup4
\symAMSb=\mathgroup5
LaTeX Font Info:    Redeclaring math symbol \hbar on input line 98.
LaTeX Font Info:    Overwriting math alphabet `\mathfrak' in version `bold'
(Font)                  U/euf/m/n --> U/euf/b/n on input line 106.
LaTeX Info: Redefining \frak on input line 111.
LaTeX Info: Redefining \Bbb on input line 113.
))
(/usr/share/texlive/texmf-dist/tex/latex/graphics/graphicx.sty
Package: graphicx 2021/09/16 v1.2d Enhanced LaTeX Graphics (DPC,SPQR)

(/usr/share/texlive/texmf-dist/tex/latex/graphics/keyval.sty
Package: keyval 2014/10/28 v1.15 key=value parser (DPC)
\KV@toks@=\toks23
)
(/usr/share/texlive/texmf-dist/tex/latex/graphics/graphics.sty
Package: graphics 2021/03/04 v1.4d Standard LaTeX Graphics (DPC,SPQR)

(/usr/share/texlive/texmf-dist/tex/latex/graphics/trig.sty
Package: trig 2021/08/11 v1.11 sin cos tan (DPC)
)
(/usr/share/texlive/texmf-dist/tex/latex/graphics-cfg/graphics.cfg
File: graphics.cfg 2016/06/04 v1.11 sample graphics configuration
)
Package graphics Info: Driver file: pdftex.def on input line 107.

(/usr/share/texlive/texmf-dist/tex/latex/graphics-def/pdftex.def
File: pdftex.def 2020/10/05 v1.2a Graphics/color driver for pdftex
))
\Gin@req@height=\dimen147
\Gin@req@width=\dimen148
)
(/usr/share/texlive/texmf-dist/tex/latex/booktabs/booktabs.sty
Package: booktabs 2020/01/12 v1.61803398 Publication quality tables
\heavyrulewidth=\dimen149
\lightrulewidth=\dimen150
\cmidrulewidth=\dimen151
\belowrulesep=\dimen152
\belowbottomsep=\dimen153
\aboverulesep=\dimen154
\abovetopsep=\dimen155
\cmidrulesep=\dimen156
\cmidrulekern=\dimen157
\defaultaddspace=\dimen158
\@cmidla=\count279
\@cmidlb=\count280
\@aboverulesep=\dimen159
\@belowrulesep=\dimen160
\@thisruleclass=\count281
\@lastruleclass=\count282
\@thisrulewidth=\dimen161
)
(/usr/share/texlive/texmf-dist/tex/latex/hyperref/hyperref.sty
Package: hyperref 2021-06-07 v7.00m Hypertext links for LaTeX

(/usr/share/texlive/texmf-dist/tex/generic/ltxcmds/ltxcmds.sty
Package: ltxcmds 2020-05-10 v1.25 LaTeX kernel commands for general use (HO)
)
(/usr/share/texlive/texmf-dist/tex/generic/iftex/iftex.sty
Package: iftex 2020/03/06 v1.0d TeX engine tests
)
(/usr/share/texlive/texmf-dist/tex/generic/pdftexcmds/pdftexcmds.sty
Package: pdftexcmds 2020-06-27 v0.33 Utility functions of pdfTeX for LuaTeX (HO
)

(/usr/share/texlive/texmf-dist/tex/generic/infwarerr/infwarerr.sty
Package: infwarerr 2019/12/03 v1.5 Providing info/warning/error messages (HO)
)
Package pdftexcmds Info: \pdf@primitive is available.
Package pdftexcmds Info: \pdf@ifprimitive is available.
Package pdftexcmds Info: \pdfdraftmode found.
)
(/usr/share/texlive/texmf-dist/tex/generic/kvsetkeys/kvsetkeys.sty
Package: kvsetkeys 2019/12/15 v1.18 Key value parser (HO)
)
(/usr/share/texlive/texmf-dist/tex/generic/kvdefinekeys/kvdefinekeys.sty
Package: kvdefinekeys 2019-12-19 v1.6 Define keys (HO)
)
(/usr/share/texlive/texmf-dist/tex/generic/pdfescape/pdfescape.sty
Package: pdfescape 2019/12/09 v1.15 Implements pdfTeX's escape features (HO)
)
(/usr/share/texlive/texmf-dist/tex/latex/hycolor/hycolor.sty
Package: hycolor 2020-01-27 v1.10 Color options for hyperref/bookmark (HO)
)
(/usr/share/texlive/texmf-dist/tex/latex/letltxmacro/letltxmacro.sty
Package: letltxmacro 2019/12/03 v1.6 Let assignment for LaTeX macros (HO)
)
(/usr/share/texlive/texmf-dist/tex/latex/auxhook/auxhook.sty
Package: auxhook 2019-12-17 v1.6 Hooks for auxiliary files (HO)
)
(/usr/share/texlive/texmf-dist/tex/latex/kvoptions/kvoptions.sty
Package: kvoptions 2020-10-07 v3.14 Key value format for package options (HO)
)
\@linkdim=\dimen162
\Hy@linkcounter=\count283
\Hy@pagecounter=\count284

(/usr/share/texlive/texmf-dist/tex/latex/hyperref/pd1enc.def
File: pd1enc.def 2021-06-07 v7.00m Hyperref: PDFDocEncoding definition (HO)
Now handling font encoding PD1 ...
... no UTF-8 mapping file for font encoding PD1
)
(/usr/share/texlive/texmf-dist/tex/latex/hyperref/hyperref-langpatches.def
File: hyperref-langpatches.def 2021-06-07 v7.00m Hyperref: patches for babel la
nguages
)
(/usr/share/texlive/texmf-dist/tex/generic/intcalc/intcalc.sty
Package: intcalc 2019/12/15 v1.3 Expandable calculations with integers (HO)
)
(/usr/share/texlive/texmf-dist/tex/generic/etexcmds/etexcmds.sty
Package: etexcmds 2019/12/15 v1.7 Avoid name clashes with e-TeX commands (HO)
)
\Hy@SavedSpaceFactor=\count285

(/usr/share/texlive/texmf-dist/tex/latex/hyperref/puenc.def
File: puenc.def 2021-06-07 v7.00m Hyperref: PDF Unicode definition (HO)
Now handling font encoding PU ...
... no UTF-8 mapping file for font encoding PU
)
Package hyperref Info: Hyper figures OFF on input line 4192.
Package hyperref Info: Link nesting OFF on input line 4197.
Package hyperref Info: Hyper index ON on input line 4200.
Package hyperref Info: Plain pages OFF on input line 4207.
Package hyperref Info: Backreferencing OFF on input line 4212.
Package hyperref Info: Implicit mode ON; LaTeX internals redefined.
Package hyperref Info: Bookmarks ON on input line 4445.
LaTeX Info: Redefining \href on input line 4715.
\c@Hy@tempcnt=\count286
LaTeX Info: Redefining \url on input line 4804.
\XeTeXLinkMargin=\dimen163

(/usr/share/texlive/texmf-dist/tex/generic/bitset/bitset.sty
Package: bitset 2019/12/09 v1.3 Handle bit-vector datatype (HO)

(/usr/share/texlive/texmf-dist/tex/generic/bigintcalc/bigintcalc.sty
Package: bigintcalc 2019/12/15 v1.5 Expandable calculations on big integers (HO
)
))
\Fld@menulength=\count287
\Field@Width=\dimen164
\Fld@charsize=\dimen165
Package hyperref Info: Hyper figures OFF on input line 6076.
Package hyperref Info: Link nesting OFF on input line 6081.
Package hyperref Info: Hyper index ON on input line 6084.
Package hyperref Info: backreferencing OFF on input line 6091.
Package hyperref Info: Link coloring OFF on input line 6096.
Package hyperref Info: Link coloring with OCG OFF on input line 6101.
Package hyperref Info: PDF/A mode OFF on input line 6106.
LaTeX Info: Redefining \ref on input line 6146.
LaTeX Info: Redefining \pageref on input line 6150.

(/usr/share/texlive/texmf-dist/tex/latex/base/atbegshi-ltx.sty
Package: atbegshi-ltx 2021/01/10 v1.0c Emulation of the original atbegshi
package with kernel methods
)
\Hy@abspage=\count288
\c@Item=\count289
\c@Hfootnote=\count290
)
Package hyperref Info: Driver (autodetected): hpdftex.

(/usr/share/texlive/texmf-dist/tex/latex/hyperref/hpdftex.def
File: hpdftex.def 2021-06-07 v7.00m Hyperref driver for pdfTeX

(/usr/share/texlive/texmf-dist/tex/latex/base/atveryend-ltx.sty
Package: atveryend-ltx 2020/08/19 v1.0a Emulation of the original atveryend pac
kage
with kernel methods
)
\Fld@listcount=\count291
\c@bookmark@seq@number=\count292

(/usr/share/texlive/texmf-dist/tex/latex/rerunfilecheck/rerunfilecheck.sty
Package: rerunfilecheck 2019/12/05 v1.9 Rerun checks for auxiliary files (HO)

(/usr/share/texlive/texmf-dist/tex/generic/uniquecounter/uniquecounter.sty
Package: uniquecounter 2019/12/15 v1.4 Provide unlimited unique counter (HO)
)
Package uniquecounter Info: New unique counter `rerunfilecheck' on input line 2
86.
)
\Hy@SectionHShift=\skip54
)
(/usr/share/texlive/texmf-dist/tex/latex/cleveref/cleveref.sty
Package: cleveref 2018/03/27 v0.21.4 Intelligent cross-referencing
Package cleveref Info: `hyperref' support loaded on input line 2370.
LaTeX Info: Redefining \cref on input line 2370.
LaTeX Info: Redefining \Cref on input line 2370.
LaTeX Info: Redefining \crefrange on input line 2370.
LaTeX Info: Redefining \Crefrange on input line 2370.
LaTeX Info: Redefining \cpageref on input line 2370.
LaTeX Info: Redefining \Cpageref on input line 2370.
LaTeX Info: Redefining \cpagerefrange on input line 2370.
LaTeX Info: Redefining \Cpagerefrange on input line 2370.
LaTeX Info: Redefining \labelcref on input line 2370.
LaTeX Info: Redefining \labelcpageref on input line 2370.
)
(/usr/share/texlive/texmf-dist/tex/latex/xcolor/xcolor.sty
Package: xcolor 2021/10/31 v2.13 LaTeX color extensions (UK)

(/usr/share/texlive/texmf-dist/tex/latex/graphics-cfg/color.cfg
File: color.cfg 2016/01/02 v1.6 sample color configuration
)
Package xcolor Info: Driver file: pdftex.def on input line 227.
Package xcolor Info: Model `cmy' substituted by `cmy0' on input line 1352.
Package xcolor Info: Model `hsb' substituted by `rgb' on input line 1356.
Package xcolor Info: Model `RGB' extended on input line 1368.
Package xcolor Info: Model `HTML' substituted by `rgb' on input line 1370.
Package xcolor Info: Model `Hsb' substituted by `hsb' on input line 1371.
Package xcolor Info: Model `tHsb' substituted by `hsb' on input line 1372.
Package xcolor Info: Model `HSB' substituted by `hsb' on input line 1373.
Package xcolor Info: Model `Gray' substituted by `gray' on input line 1374.
Package xcolor Info: Model `wave' substituted by `hsb' on input line 1375.
)
(/usr/share/texlive/texmf-dist/tex/latex/tools/bm.sty
Package: bm 2021/04/25 v1.2e Bold Symbol Support (DPC/FMi)
\symboldoperators=\mathgroup6
\symboldletters=\mathgroup7
\symboldsymbols=\mathgroup8
Package bm Info: No bold for \OMX/cmex/m/n, using \pmb.
Package bm Info: No bold for \U/msa/m/n, using \pmb.
Package bm Info: No bold for \U/msb/m/n, using \pmb.
LaTeX Font Info:    Redeclaring math alphabet \mathbf on input line 149.
LaTeX Info: Redefining \bm on input line 218.
) (./math_commands.tex)
Class revtex4-2 Info: Unrecognized LaTeX tabular. Please update this document c
lass! (Proceeding with fingers crossed.) on input line 15.
Class revtex4-2 Info: cite was not loaded (OK!) on input line 15.
Class revtex4-2 Info: mcite was not loaded (OK!) on input line 15.
Class revtex4-2 Info: multicol was not loaded (OK!) on input line 15.

(/usr/share/texlive/texmf-dist/tex/latex/l3backend/l3backend-pdftex.def
File: l3backend-pdftex.def 2022-01-12 L3 backend support: PDF output (pdfTeX)
\l__color_backend_stack_int=\count293
\l__pdf_internal_box=\box67
)
(./main.aux)
\openout1 = `main.aux'.

LaTeX Font Info:    Checking defaults for OML/cmm/m/it on input line 15.
LaTeX Font Info:    ... okay on input line 15.
LaTeX Font Info:    Checking defaults for OMS/cmsy/m/n on input line 15.
LaTeX Font Info:    ... okay on input line 15.
LaTeX Font Info:    Checking defaults for OT1/cmr/m/n on input line 15.
LaTeX Font Info:    ... okay on input line 15.
LaTeX Font Info:    Checking defaults for T1/cmr/m/n on input line 15.
LaTeX Font Info:    ... okay on input line 15.
LaTeX Font Info:    Checking defaults for TS1/cmr/m/n on input line 15.
LaTeX Font Info:    ... okay on input line 15.
LaTeX Font Info:    Checking defaults for OMX/cmex/m/n on input line 15.
LaTeX Font Info:    ... okay on input line 15.
LaTeX Font Info:    Checking defaults for U/cmr/m/n on input line 15.
LaTeX Font Info:    ... okay on input line 15.
LaTeX Font Info:    Checking defaults for PD1/pdf/m/n on input line 15.
LaTeX Font Info:    ... okay on input line 15.
LaTeX Font Info:    Checking defaults for PU/pdf/m/n on input line 15.
LaTeX Font Info:    ... okay on input line 15.
 (/usr/share/texlive/texmf-dist/tex/context/base/mkii/supp-pdf.mkii
[Loading MPS to PDF converter (version 2006.09.02).]
\scratchcounter=\count294
\scratchdimen=\dimen166
\scratchbox=\box68
\nofMPsegments=\count295
\nofMParguments=\count296
\everyMPshowfont=\toks24
\MPscratchCnt=\count297
\MPscratchDim=\dimen167
\MPnumerator=\count298
\makeMPintoPDFobject=\count299
\everyMPtoPDFconversion=\toks25
) (/usr/share/texlive/texmf-dist/tex/latex/epstopdf-pkg/epstopdf-base.sty
Package: epstopdf-base 2020-01-24 v2.11 Base part for package epstopdf
Package epstopdf-base Info: Redefining graphics rule for `.eps' on input line 4
85.

(/usr/share/texlive/texmf-dist/tex/latex/latexconfig/epstopdf-sys.cfg
File: epstopdf-sys.cfg 2010/07/13 v1.3 Configuration of (r)epstopdf for TeX Liv
e
))
Package hyperref Info: Link coloring OFF on input line 15.

(/usr/share/texlive/texmf-dist/tex/latex/hyperref/nameref.sty
Package: nameref 2021-04-02 v2.47 Cross-referencing by name of section

(/usr/share/texlive/texmf-dist/tex/latex/refcount/refcount.sty
Package: refcount 2019/12/15 v3.6 Data extraction from label references (HO)
)
(/usr/share/texlive/texmf-dist/tex/generic/gettitlestring/gettitlestring.sty
Package: gettitlestring 2019/12/15 v1.6 Cleanup title references (HO)
)
\c@section@level=\count300
)
LaTeX Info: Redefining \ref on input line 15.
LaTeX Info: Redefining \pageref on input line 15.
LaTeX Info: Redefining \nameref on input line 15.

(./main.out) (./main.out)
\@outlinefile=\write4
\openout4 = `main.out'.

Class revtex4-2 Info: Taking \maketitle back from hyperref on input line 15.
\openout3 = `mainNotes.bib'.

 (./sections/0_abstract.tex
LaTeX Font Info:    Trying to load font information for U+msa on input line 2.

(/usr/share/texlive/texmf-dist/tex/latex/amsfonts/umsa.fd
File: umsa.fd 2013/01/14 v3.01 AMS symbols A
)
LaTeX Font Info:    Trying to load font information for U+msb on input line 2.

(/usr/share/texlive/texmf-dist/tex/latex/amsfonts/umsb.fd
File: umsb.fd 2013/01/14 v3.01 AMS symbols B
))
(./sections/1_introduction.tex
Underfull \hbox (badness 2753) in paragraph at lines 7--9
\OT1/cmr/m/n/10 in which cos-mic evo-lu-tion is mod-eled as a non-
 []

[1{/var/lib/texmf/fonts/map/pdftex/updmap/pdftex.map}]
Underfull \hbox (badness 1454) in paragraph at lines 43--45
 \OT1/cmr/m/n/10 dimensional lat-tice evo-lu-tion pro-jected onto a
 []

) (./sections/2_background.tex
Underfull \hbox (badness 1436) in paragraph at lines 18--20
\OT1/cmr/m/n/10 Concretely, this re-quires $[] \OML/cmm/m/it/10 DF[] \OT1/cmr/m
/n/10 = 1$ (Li-ou-ville's
 []


Underfull \hbox (badness 1655) in paragraph at lines 18--20
\OT1/cmr/m/n/10 the-o-rem on the lat-tice), en-sur-ing three prop-er-ties:
 []


Underfull \hbox (badness 1796) in paragraph at lines 18--20
\OT1/cmr/m/n/10 (i) unitarity---phase-space vol-ume is pre-served; (ii)
 []


Package hyperref Warning: Token not allowed in a PDF string (Unicode):
(hyperref)                removing `math shift' on input line 32.


Package hyperref Warning: Token not allowed in a PDF string (Unicode):
(hyperref)                removing `\mathop' on input line 32.


Package hyperref Warning: Token not allowed in a PDF string (Unicode):
(hyperref)                removing `\mathgroup' on input line 32.


Package hyperref Warning: Token not allowed in a PDF string (Unicode):
(hyperref)                removing `\symoperators' on input line 32.


Package hyperref Warning: Token not allowed in a PDF string (Unicode):
(hyperref)                removing `\@ifnextchar' on input line 32.


Package hyperref Warning: Token not allowed in a PDF string (Unicode):
(hyperref)                removing `superscript' on input line 32.


Package hyperref Warning: Token not allowed in a PDF string (Unicode):
(hyperref)                removing `math shift' on input line 32.

[2]
Underfull \hbox (badness 2903) in paragraph at lines 62--64
 \OT1/cmr/m/n/10 entering the Fried-mann equa-tion as a time-
 []


Underfull \hbox (badness 3623) in paragraph at lines 93--95
 []\OT1/cmr/m/it/10 a. Sym-plec-tic-ity in the non-autonomous set-ting.[]
 []

<../figures//fig14_symplecticity.pdf, id=217, 489.23196pt x 166.26366pt>
File: ../figures//fig14_symplecticity.pdf Graphic file (type pdf)
<use ../figures//fig14_symplecticity.pdf>
Package pdftex.def Info: ../figures//fig14_symplecticity.pdf  used on input lin
e 110.
(pdftex.def)             Requested size: 246.0pt x 83.60349pt.
[3 <../figures//fig14_symplecticity.pdf>]) (./sections/3_methods.tex
Underfull \hbox (badness 5022) in paragraph at lines 36--37
 \OT1/cmr/m/n/10 (\OML/cmm/m/it/10 N=\OT1/cmr/m/n/10 2 + \OML/cmm/m/it/10 r [] 
^^R [] '; N=\OT1/cmr/m/n/10 2 + \OML/cmm/m/it/10 r [] ^^R [] '; N=\OT1/cmr/m/n/
10 2 +
 []


Underfull \hbox (badness 6842) in paragraph at lines 64--65
 []\OT1/cmr/m/it/10 c. Spec-tral cor-re-la-tion.[] \OT1/cmr/m/n/10 To com-pare 
DSC and
 []

[4]) (./sections/4_results.tex (../figures/TABLE_gaussianity.tex
Overfull \hbox (2.05367pt too wide) in paragraph at lines 7--17
 []$[]$ 
 []

)
<../figures//fig2_ablation.pdf, id=338, 497.00568pt x 332.72432pt>
File: ../figures//fig2_ablation.pdf Graphic file (type pdf)
<use ../figures//fig2_ablation.pdf>
Package pdftex.def Info: ../figures//fig2_ablation.pdf  used on input line 31.
(pdftex.def)             Requested size: 510.0pt x 341.4254pt.
<../figures//fig3_acoustic_peaks.pdf, id=342, 225.63347pt x 173.29314pt>
File: ../figures//fig3_acoustic_peaks.pdf Graphic file (type pdf)
<use ../figures//fig3_acoustic_peaks.pdf>
Package pdftex.def Info: ../figures//fig3_acoustic_peaks.pdf  used on input lin
e 55.
(pdftex.def)             Requested size: 246.0pt x 188.9413pt.
 (../figures/TABLE_peaks.tex) [5]
<../figures//fig5_freezeout.pdf, id=359, 432.08623pt x 276.15286pt>
File: ../figures//fig5_freezeout.pdf Graphic file (type pdf)
<use ../figures//fig5_freezeout.pdf>
Package pdftex.def Info: ../figures//fig5_freezeout.pdf  used on input line 81.

(pdftex.def)             Requested size: 510.0pt x 325.96288pt.
 [6 <../figures//fig2_ablation.pdf>]

LaTeX Warning: A float is stuck (cannot be placed) on input line 96.


LaTeX Warning: A float is stuck (cannot be placed) on input line 96.


Class revtex4-2 Warning: Deferred float stuck during \clearpage processing.

<../figures//fig4_twin_experiment.pdf, id=438, 491.11859pt x 187.57515pt>
File: ../figures//fig4_twin_experiment.pdf Graphic file (type pdf)
<use ../figures//fig4_twin_experiment.pdf>
Package pdftex.def Info: ../figures//fig4_twin_experiment.pdf  used on input li
ne 104.
(pdftex.def)             Requested size: 246.0pt x 93.9562pt.

Underfull \hbox (badness 5359) in paragraph at lines 108--108
[]\OT1/cmr/m/n/9 FIG. 5. []Twin ex-per-i-ment for pa-ram-e-ter re-cov-ery.
 []

<../figures//fig8_planck_comparison.pdf, id=446, 497.98988pt x 373.82188pt>
File: ../figures//fig8_planck_comparison.pdf Graphic file (type pdf)
<use ../figures//fig8_planck_comparison.pdf>
Package pdftex.def Info: ../figures//fig8_planck_comparison.pdf  used on input 
line 129.
(pdftex.def)             Requested size: 510.0pt x 382.85048pt.
<../figures//fig10_grf_baseline.pdf, id=449, 485.9945pt x 178.33885pt>
File: ../figures//fig10_grf_baseline.pdf Graphic file (type pdf)
<use ../figures//fig10_grf_baseline.pdf>
Package pdftex.def Info: ../figures//fig10_grf_baseline.pdf  used on input line
 167.
(pdftex.def)             Requested size: 246.0pt x 90.27129pt.
[7 <../figures//fig3_acoustic_peaks.pdf>]
<../figures//fig12_convergence.pdf, id=501, 484.78328pt x 165.89415pt>
File: ../figures//fig12_convergence.pdf Graphic file (type pdf)
<use ../figures//fig12_convergence.pdf>
Package pdftex.def Info: ../figures//fig12_convergence.pdf  used on input line 
185.
(pdftex.def)             Requested size: 246.0pt x 84.17961pt.
 [8 <../figures//fig5_freezeout.pdf> <../figures//fig4_twin_experiment.pdf>]
<../figures//fig11_planck_Cl_chi2.pdf, id=666, 232.17863pt x 172.99016pt>
File: ../figures//fig11_planck_Cl_chi2.pdf Graphic file (type pdf)
<use ../figures//fig11_planck_Cl_chi2.pdf>
Package pdftex.def Info: ../figures//fig11_planck_Cl_chi2.pdf  used on input li
ne 206.
(pdftex.def)             Requested size: 246.0pt x 183.29213pt.
 [9 <../figures//fig8_planck_comparison.pdf> <../figures//fig10_grf_baseline.pd
f> <../figures//fig12_convergence.pdf>]
<../figures//fig7_sensitivity.pdf, id=861, 491.06146pt x 289.0825pt>
File: ../figures//fig7_sensitivity.pdf Graphic file (type pdf)
<use ../figures//fig7_sensitivity.pdf>
Package pdftex.def Info: ../figures//fig7_sensitivity.pdf  used on input line 2
14.
(pdftex.def)             Requested size: 510.0pt x 300.24612pt.
<../figures//fig6_ensemble.pdf, id=862, 492.0495pt x 144.21315pt>
File: ../figures//fig6_ensemble.pdf Graphic file (type pdf)
<use ../figures//fig6_ensemble.pdf>
Package pdftex.def Info: ../figures//fig6_ensemble.pdf  used on input line 224.

(pdftex.def)             Requested size: 246.0pt x 72.09758pt.
<../figures//fig13_heldout.pdf, id=870, 482.82492pt x 147.76926pt>
File: ../figures//fig13_heldout.pdf Graphic file (type pdf)
<use ../figures//fig13_heldout.pdf>
Package pdftex.def Info: ../figures//fig13_heldout.pdf  used on input line 266.

(pdftex.def)             Requested size: 246.0pt x 75.28917pt.

[10 <../figures//fig11_planck_Cl_chi2.pdf>]
<../figures//fig17_3d_power_spectrum.pdf, id=931, 231.21375pt x 187.44417pt>
File: ../figures//fig17_3d_power_spectrum.pdf Graphic file (type pdf)
<use ../figures//fig17_3d_power_spectrum.pdf>
Package pdftex.def Info: ../figures//fig17_3d_power_spectrum.pdf  used on input
 line 290.
(pdftex.def)             Requested size: 246.0pt x 199.43922pt.
<../figures//fig15_degeneracy_breaking.pdf, id=932, 408.80003pt x 382.81306pt>
File: ../figures//fig15_degeneracy_breaking.pdf Graphic file (type pdf)
<use ../figures//fig15_degeneracy_breaking.pdf>
Package pdftex.def Info: ../figures//fig15_degeneracy_breaking.pdf  used on inp
ut line 298.
(pdftex.def)             Requested size: 246.0pt x 230.36134pt.
<../figures//fig9_inverse_reconstruction.pdf, id=933, 515.28508pt x 367.85585pt
>
File: ../figures//fig9_inverse_reconstruction.pdf Graphic file (type pdf)
<use ../figures//fig9_inverse_reconstruction.pdf>
Package pdftex.def Info: ../figures//fig9_inverse_reconstruction.pdf  used on i
nput line 307.
(pdftex.def)             Requested size: 510.0pt x 364.083pt.
 [11 <../figures//fig7_sensitivity.pdf> <../figures//fig6_ensemble.pdf> <../fig
ures//fig13_heldout.pdf>]

LaTeX Warning: A float is stuck (cannot be placed) on input line 325.


LaTeX Warning: A float is stuck (cannot be placed) on input line 325.


Class revtex4-2 Warning: Deferred float stuck during \clearpage processing.

<../figures//fig16_cosmic_timeline.pdf, id=1114, 1433.31738pt x 857.33421pt>
File: ../figures//fig16_cosmic_timeline.pdf Graphic file (type pdf)
<use ../figures//fig16_cosmic_timeline.pdf>
Package pdftex.def Info: ../figures//fig16_cosmic_timeline.pdf  used on input l
ine 342.
(pdftex.def)             Requested size: 510.0pt x 305.04257pt.
) (./sections/5_discussion.tex
Underfull \hbox (badness 2150) in paragraph at lines 5--9
 []\OT1/cmr/m/it/10 a. Why sym-plec-tic-ity pro-duces Gaus-sian-ity.[] \OT1/cmr
/m/n/10 The
 []

[12 <../figures//fig17_3d_power_spectrum.pdf> <../figures//fig15_degeneracy_bre
aking.pdf>]
Underfull \hbox (badness 1616) in paragraph at lines 22--26
 []\OT1/cmr/m/it/10 d. Com-par-i-son with re-lated ap-proaches.[] \OT1/cmr/m/n/
10 Cou-pled
 []

[13 <../figures//fig9_inverse_reconstruction.pdf>])
(./sections/6_limitations.tex [14 <../figures//fig16_cosmic_timeline.pdf>]
Underfull \hbox (badness 1748) in paragraph at lines 25--28
 \OML/cmm/m/it/10 E$\OT1/cmr/m/n/10 -mode po-lar-iza-tion and pri-mor-dial $\OM
L/cmm/m/it/10 B$\OT1/cmr/m/n/10 -modes,
 []

) (./sections/7_conclusion.tex
Underfull \hbox (badness 1082) in paragraph at lines 4--9
\OT1/cmr/m/n/10 by the Dis-crete Sym-plec-tic Cos-mol-ogy framework---
 []


Underfull \hbox (badness 1762) in paragraph at lines 4--9
\OT1/cmr/m/n/10 tem-per-a-ture anisotropies. Near-Gaussian one-point
 []


Underfull \hbox (badness 3919) in paragraph at lines 10--13
[]\OT1/cmr/m/n/10 These re-sults es-tab-lish the DSC lat-tice as an
 []


Underfull \hbox (badness 1484) in paragraph at lines 10--13
\OT1/cmr/m/n/10 ex-ploratory com-pu-ta-tional frame-work for gen-er-at-ing
 []

) [15]
Underfull \hbox (badness 10000) in paragraph at lines 40--42
[]\OT1/cmr/m/n/10 Code as-so-ci-ated with this project is avail-
 []


Underfull \hbox (badness 10000) in paragraph at lines 40--42
\OT1/cmr/m/n/10 able at []$\OT1/cmtt/m/n/10 https : / / github . com / maris205
 /
 []


Underfull \hbox (badness 10000) in paragraph at lines 40--42
\OT1/cmtt/m/n/10 riemann _ engine$[]\OT1/cmr/m/n/10 . The Planck SMICA map
 []

(./sections/A_appendix.tex
<../figures//fig1_hero.pdf, id=1424, 491.42409pt x 382.8246pt>
File: ../figures//fig1_hero.pdf Graphic file (type pdf)
<use ../figures//fig1_hero.pdf>
Package pdftex.def Info: ../figures//fig1_hero.pdf  used on input line 8.
(pdftex.def)             Requested size: 510.0pt x 397.30453pt.
) (./main.bbl
Underfull \hbox (badness 1259) in paragraph at lines 64--69
 []\OT1/cmr/m/n/9 L. Wang, []Dis-crete Sym-plec-tic Cos-mol-ogy: A Phe-
 []


Underfull \hbox (badness 1178) in paragraph at lines 83--89
 []\OT1/cmr/m/n/9 P. E. Kloe-den and M. Ras-mussen, []\OT1/cmr/m/it/9 Nonau-ton
omous
 []


Underfull \hbox (badness 2150) in paragraph at lines 141--147
 \OT1/cmr/m/n/9 Op-tuna: A Next-generation Hy-per-pa-ram-e-ter Op-ti-
 []

) [16] [17 <../figures//fig1_hero.pdf>] (./main.aux)
Package rerunfilecheck Info: File `main.out' has not changed.
(rerunfilecheck)             Checksum: 39FDD16AAFC30425888FDDFC13F7347A;7142.
 ) 
Here is how much of TeX's memory you used:
 14120 strings out of 479727
 227407 string characters out of 5884999
 544277 words of memory out of 5000000
 31856 multiletter control sequences out of 15000+600000
 482929 words of font info for 78 fonts, out of 8000000 for 9000
 264 hyphenation exceptions out of 8191
 60i,9n,63p,923b,432s stack positions out of 5000i,500n,10000p,200000b,80000s
 </root/.texlive2021/texmf-var/fonts/pk/ljfour/jknappen/ec/tcrm1000.600pk></u
sr/share/texlive/texmf-dist/fonts/type1/public/amsfonts/cm/cmbx10.pfb></usr/sha
re/texlive/texmf-dist/fonts/type1/public/amsfonts/cm/cmbx12.pfb></usr/share/tex
live/texmf-dist/fonts/type1/public/amsfonts/cm/cmbx9.pfb></usr/share/texlive/te
xmf-dist/fonts/type1/public/amsfonts/cm/cmex10.pfb></usr/share/texlive/texmf-di
st/fonts/type1/public/amsfonts/cm/cmmi10.pfb></usr/share/texlive/texmf-dist/fon
ts/type1/public/amsfonts/cm/cmmi5.pfb></usr/share/texlive/texmf-dist/fonts/type
1/public/amsfonts/cm/cmmi6.pfb></usr/share/texlive/texmf-dist/fonts/type1/publi
c/amsfonts/cm/cmmi7.pfb></usr/share/texlive/texmf-dist/fonts/type1/public/amsfo
nts/cm/cmmi9.pfb></usr/share/texlive/texmf-dist/fonts/type1/public/amsfonts/cm/
cmmib10.pfb></usr/share/texlive/texmf-dist/fonts/type1/public/amsfonts/cmextra/
cmmib7.pfb></usr/share/texlive/texmf-dist/fonts/type1/public/amsfonts/cm/cmr10.
pfb></usr/share/texlive/texmf-dist/fonts/type1/public/amsfonts/cm/cmr5.pfb></us
r/share/texlive/texmf-dist/fonts/type1/public/amsfonts/cm/cmr6.pfb></usr/share/
texlive/texmf-dist/fonts/type1/public/amsfonts/cm/cmr7.pfb></usr/share/texlive/
texmf-dist/fonts/type1/public/amsfonts/cm/cmr8.pfb></usr/share/texlive/texmf-di
st/fonts/type1/public/amsfonts/cm/cmr9.pfb></usr/share/texlive/texmf-dist/fonts
/type1/public/amsfonts/cm/cmsy10.pfb></usr/share/texlive/texmf-dist/fonts/type1
/public/amsfonts/cm/cmsy6.pfb></usr/share/texlive/texmf-dist/fonts/type1/public
/amsfonts/cm/cmsy7.pfb></usr/share/texlive/texmf-dist/fonts/type1/public/amsfon
ts/cm/cmsy9.pfb></usr/share/texlive/texmf-dist/fonts/type1/public/amsfonts/cm/c
mti10.pfb></usr/share/texlive/texmf-dist/fonts/type1/public/amsfonts/cm/cmti9.p
fb></usr/share/texlive/texmf-dist/fonts/type1/public/amsfonts/cm/cmtt10.pfb></u
sr/share/texlive/texmf-dist/fonts/type1/public/amsfonts/symbols/msbm10.pfb></us
r/share/texlive/texmf-dist/fonts/type1/public/amsfonts/symbols/msbm7.pfb>
Output written on main.pdf (17 pages, 8072976 bytes).
PDF statistics:
 1675 PDF objects out of 1728 (max. 8388607)
 724 compressed objects within 8 object streams
 133 named destinations out of 1000 (max. 500000)
 358 words of extra memory for PDF output out of 10000 (max. 10000000)

