This is pdfTeX, Version 3.141592653-2.6-1.40.22 (TeX Live 2022/dev/Debian) (preloaded format=pdflatex 2026.3.22)  24 MAY 2026 22:24
entering extended mode
 restricted \write18 enabled.
 %&-line parsing enabled.
**main_elsevier.tex
(./main_elsevier.tex
LaTeX2e <2021-11-15> patch level 1
L3 programming layer <2022-01-21>
(/usr/share/texlive/texmf-dist/tex/latex/elsarticle/elsarticle.cls
Document Class: elsarticle 2020/11/20, 3.3: Elsevier Ltd
(/usr/share/texlive/texmf-dist/tex/latex/l3kernel/expl3.sty
Package: expl3 2022-01-21 L3 programming layer (loader) 

(/usr/share/texlive/texmf-dist/tex/latex/l3backend/l3backend-pdftex.def
File: l3backend-pdftex.def 2022-01-12 L3 backend support: PDF output (pdfTeX)
\l__color_backend_stack_int=\count185
\l__pdf_internal_box=\box50
))
(/usr/share/texlive/texmf-dist/tex/latex/l3packages/xparse/xparse.sty
Package: xparse 2022-01-12 L3 Experimental document command parser
)
(/usr/share/texlive/texmf-dist/tex/latex/etoolbox/etoolbox.sty
Package: etoolbox 2020/10/05 v2.5k e-TeX tools for LaTeX (JAW)
\etb@tempcnta=\count186
)
\@bls=\dimen138

(/usr/share/texlive/texmf-dist/tex/latex/base/article.cls
Document Class: article 2021/10/04 v1.4n Standard LaTeX document class
(/usr/share/texlive/texmf-dist/tex/latex/base/size12.clo
File: size12.clo 2021/10/04 v1.4n Standard LaTeX file (size option)
)
\c@part=\count187
\c@section=\count188
\c@subsection=\count189
\c@subsubsection=\count190
\c@paragraph=\count191
\c@subparagraph=\count192
\c@figure=\count193
\c@table=\count194
\abovecaptionskip=\skip47
\belowcaptionskip=\skip48
\bibindent=\dimen139
)
(/usr/share/texlive/texmf-dist/tex/latex/graphics/graphicx.sty
Package: graphicx 2021/09/16 v1.2d Enhanced LaTeX Graphics (DPC,SPQR)

(/usr/share/texlive/texmf-dist/tex/latex/graphics/keyval.sty
Package: keyval 2014/10/28 v1.15 key=value parser (DPC)
\KV@toks@=\toks16
)
(/usr/share/texlive/texmf-dist/tex/latex/graphics/graphics.sty
Package: graphics 2021/03/04 v1.4d Standard LaTeX Graphics (DPC,SPQR)

(/usr/share/texlive/texmf-dist/tex/latex/graphics/trig.sty
Package: trig 2021/08/11 v1.11 sin cos tan (DPC)
)
(/usr/share/texlive/texmf-dist/tex/latex/graphics-cfg/graphics.cfg
File: graphics.cfg 2016/06/04 v1.11 sample graphics configuration
)
Package graphics Info: Driver file: pdftex.def on input line 107.

(/usr/share/texlive/texmf-dist/tex/latex/graphics-def/pdftex.def
File: pdftex.def 2020/10/05 v1.2a Graphics/color driver for pdftex
))
\Gin@req@height=\dimen140
\Gin@req@width=\dimen141
)
\c@tnote=\count195
\c@fnote=\count196
\c@cnote=\count197
\c@ead=\count198
\c@author=\count199
\@eadauthor=\toks17
\c@affn=\count266
\absbox=\box51
\elsarticlehighlightsbox=\box52
\elsarticlegrabsbox=\box53
\keybox=\box54
\Columnwidth=\dimen142
\space@left=\dimen143
\els@boxa=\box55
\els@boxb=\box56
\leftMargin=\dimen144
\@enLab=\toks18
\@sep=\skip49
\@@sep=\skip50

(./main_elsevier.spl)
(/usr/share/texlive/texmf-dist/tex/latex/natbib/natbib.sty
Package: natbib 2010/09/13 8.31b (PWD, AO)
\bibhang=\skip51
\bibsep=\skip52
LaTeX Info: Redefining \cite on input line 694.
\c@NAT@ctr=\count267
)
\splwrite=\write3
\openout3 = `main_elsevier.spl'.

\appnamewidth=\dimen145
)
(/usr/share/texlive/texmf-dist/tex/latex/amsmath/amsmath.sty
Package: amsmath 2021/10/15 v2.17l AMS math features
\@mathmargin=\skip53

For additional information on amsmath, use the `?' option.
(/usr/share/texlive/texmf-dist/tex/latex/amsmath/amstext.sty
Package: amstext 2021/08/26 v2.01 AMS text

(/usr/share/texlive/texmf-dist/tex/latex/amsmath/amsgen.sty
File: amsgen.sty 1999/11/30 v2.0 generic functions
\@emptytoks=\toks19
\ex@=\dimen146
))
(/usr/share/texlive/texmf-dist/tex/latex/amsmath/amsbsy.sty
Package: amsbsy 1999/11/29 v1.2d Bold Symbols
\pmbraise@=\dimen147
)
(/usr/share/texlive/texmf-dist/tex/latex/amsmath/amsopn.sty
Package: amsopn 2021/08/26 v2.02 operator names
)
\inf@bad=\count268
LaTeX Info: Redefining \frac on input line 234.
\uproot@=\count269
\leftroot@=\count270
LaTeX Info: Redefining \overline on input line 399.
\classnum@=\count271
\DOTSCASE@=\count272
LaTeX Info: Redefining \ldots on input line 496.
LaTeX Info: Redefining \dots on input line 499.
LaTeX Info: Redefining \cdots on input line 620.
\Mathstrutbox@=\box57
\strutbox@=\box58
\big@size=\dimen148
LaTeX Font Info:    Redeclaring font encoding OML on input line 743.
LaTeX Font Info:    Redeclaring font encoding OMS on input line 744.
\macc@depth=\count273
\c@MaxMatrixCols=\count274
\dotsspace@=\muskip16
\c@parentequation=\count275
\dspbrk@lvl=\count276
\tag@help=\toks20
\row@=\count277
\column@=\count278
\maxfields@=\count279
\andhelp@=\toks21
\eqnshift@=\dimen149
\alignsep@=\dimen150
\tagshift@=\dimen151
\tagwidth@=\dimen152
\totwidth@=\dimen153
\lineht@=\dimen154
\@envbody=\toks22
\multlinegap=\skip54
\multlinetaggap=\skip55
\mathdisplay@stack=\toks23
LaTeX Info: Redefining \[ on input line 2938.
LaTeX Info: Redefining \] on input line 2939.
)
(/usr/share/texlive/texmf-dist/tex/latex/amsfonts/amssymb.sty
Package: amssymb 2013/01/14 v3.01 AMS font symbols

(/usr/share/texlive/texmf-dist/tex/latex/amsfonts/amsfonts.sty
Package: amsfonts 2013/01/14 v3.01 Basic AMSFonts support
\symAMSa=\mathgroup4
\symAMSb=\mathgroup5
LaTeX Font Info:    Redeclaring math symbol \hbar on input line 98.
LaTeX Font Info:    Overwriting math alphabet `\mathfrak' in version `bold'
(Font)                  U/euf/m/n --> U/euf/b/n on input line 106.
))
(/usr/share/texlive/texmf-dist/tex/latex/booktabs/booktabs.sty
Package: booktabs 2020/01/12 v1.61803398 Publication quality tables
\heavyrulewidth=\dimen155
\lightrulewidth=\dimen156
\cmidrulewidth=\dimen157
\belowrulesep=\dimen158
\belowbottomsep=\dimen159
\aboverulesep=\dimen160
\abovetopsep=\dimen161
\cmidrulesep=\dimen162
\cmidrulekern=\dimen163
\defaultaddspace=\dimen164
\@cmidla=\count280
\@cmidlb=\count281
\@aboverulesep=\dimen165
\@belowrulesep=\dimen166
\@thisruleclass=\count282
\@lastruleclass=\count283
\@thisrulewidth=\dimen167
)
(/usr/share/texlive/texmf-dist/tex/latex/hyperref/hyperref.sty
Package: hyperref 2021-06-07 v7.00m Hypertext links for LaTeX

(/usr/share/texlive/texmf-dist/tex/generic/ltxcmds/ltxcmds.sty
Package: ltxcmds 2020-05-10 v1.25 LaTeX kernel commands for general use (HO)
)
(/usr/share/texlive/texmf-dist/tex/generic/iftex/iftex.sty
Package: iftex 2020/03/06 v1.0d TeX engine tests
)
(/usr/share/texlive/texmf-dist/tex/generic/pdftexcmds/pdftexcmds.sty
Package: pdftexcmds 2020-06-27 v0.33 Utility functions of pdfTeX for LuaTeX (HO
)

(/usr/share/texlive/texmf-dist/tex/generic/infwarerr/infwarerr.sty
Package: infwarerr 2019/12/03 v1.5 Providing info/warning/error messages (HO)
)
Package pdftexcmds Info: \pdf@primitive is available.
Package pdftexcmds Info: \pdf@ifprimitive is available.
Package pdftexcmds Info: \pdfdraftmode found.
)
(/usr/share/texlive/texmf-dist/tex/generic/kvsetkeys/kvsetkeys.sty
Package: kvsetkeys 2019/12/15 v1.18 Key value parser (HO)
)
(/usr/share/texlive/texmf-dist/tex/generic/kvdefinekeys/kvdefinekeys.sty
Package: kvdefinekeys 2019-12-19 v1.6 Define keys (HO)
)
(/usr/share/texlive/texmf-dist/tex/generic/pdfescape/pdfescape.sty
Package: pdfescape 2019/12/09 v1.15 Implements pdfTeX's escape features (HO)
)
(/usr/share/texlive/texmf-dist/tex/latex/hycolor/hycolor.sty
Package: hycolor 2020-01-27 v1.10 Color options for hyperref/bookmark (HO)
)
(/usr/share/texlive/texmf-dist/tex/latex/letltxmacro/letltxmacro.sty
Package: letltxmacro 2019/12/03 v1.6 Let assignment for LaTeX macros (HO)
)
(/usr/share/texlive/texmf-dist/tex/latex/auxhook/auxhook.sty
Package: auxhook 2019-12-17 v1.6 Hooks for auxiliary files (HO)
)
(/usr/share/texlive/texmf-dist/tex/latex/kvoptions/kvoptions.sty
Package: kvoptions 2020-10-07 v3.14 Key value format for package options (HO)
)
\@linkdim=\dimen168
\Hy@linkcounter=\count284
\Hy@pagecounter=\count285

(/usr/share/texlive/texmf-dist/tex/latex/hyperref/pd1enc.def
File: pd1enc.def 2021-06-07 v7.00m Hyperref: PDFDocEncoding definition (HO)
Now handling font encoding PD1 ...
... no UTF-8 mapping file for font encoding PD1
)
(/usr/share/texlive/texmf-dist/tex/latex/hyperref/hyperref-langpatches.def
File: hyperref-langpatches.def 2021-06-07 v7.00m Hyperref: patches for babel la
nguages
)
(/usr/share/texlive/texmf-dist/tex/generic/intcalc/intcalc.sty
Package: intcalc 2019/12/15 v1.3 Expandable calculations with integers (HO)
)
(/usr/share/texlive/texmf-dist/tex/generic/etexcmds/etexcmds.sty
Package: etexcmds 2019/12/15 v1.7 Avoid name clashes with e-TeX commands (HO)
)
\Hy@SavedSpaceFactor=\count286

(/usr/share/texlive/texmf-dist/tex/latex/hyperref/puenc.def
File: puenc.def 2021-06-07 v7.00m Hyperref: PDF Unicode definition (HO)
Now handling font encoding PU ...
... no UTF-8 mapping file for font encoding PU
)
Package hyperref Info: Hyper figures OFF on input line 4192.
Package hyperref Info: Link nesting OFF on input line 4197.
Package hyperref Info: Hyper index ON on input line 4200.
Package hyperref Info: Plain pages OFF on input line 4207.
Package hyperref Info: Backreferencing OFF on input line 4212.
Package hyperref Info: Implicit mode ON; LaTeX internals redefined.
Package hyperref Info: Bookmarks ON on input line 4445.
\c@Hy@tempcnt=\count287

(/usr/share/texlive/texmf-dist/tex/latex/url/url.sty
\Urlmuskip=\muskip17
Package: url 2013/09/16  ver 3.4  Verb mode for urls, etc.
)
LaTeX Info: Redefining \url on input line 4804.
\XeTeXLinkMargin=\dimen169

(/usr/share/texlive/texmf-dist/tex/generic/bitset/bitset.sty
Package: bitset 2019/12/09 v1.3 Handle bit-vector datatype (HO)

(/usr/share/texlive/texmf-dist/tex/generic/bigintcalc/bigintcalc.sty
Package: bigintcalc 2019/12/15 v1.5 Expandable calculations on big integers (HO
)
))
\Fld@menulength=\count288
\Field@Width=\dimen170
\Fld@charsize=\dimen171
Package hyperref Info: Hyper figures OFF on input line 6076.
Package hyperref Info: Link nesting OFF on input line 6081.
Package hyperref Info: Hyper index ON on input line 6084.
Package hyperref Info: backreferencing OFF on input line 6091.
Package hyperref Info: Link coloring OFF on input line 6096.
Package hyperref Info: Link coloring with OCG OFF on input line 6101.
Package hyperref Info: PDF/A mode OFF on input line 6106.
LaTeX Info: Redefining \ref on input line 6146.
LaTeX Info: Redefining \pageref on input line 6150.

(/usr/share/texlive/texmf-dist/tex/latex/base/atbegshi-ltx.sty
Package: atbegshi-ltx 2021/01/10 v1.0c Emulation of the original atbegshi
package with kernel methods
)
\Hy@abspage=\count289
\c@Item=\count290
\c@Hfootnote=\count291
)
Package hyperref Info: Driver (autodetected): hpdftex.

(/usr/share/texlive/texmf-dist/tex/latex/hyperref/hpdftex.def
File: hpdftex.def 2021-06-07 v7.00m Hyperref driver for pdfTeX

(/usr/share/texlive/texmf-dist/tex/latex/base/atveryend-ltx.sty
Package: atveryend-ltx 2020/08/19 v1.0a Emulation of the original atveryend pac
kage
with kernel methods
)
\Fld@listcount=\count292
\c@bookmark@seq@number=\count293

(/usr/share/texlive/texmf-dist/tex/latex/rerunfilecheck/rerunfilecheck.sty
Package: rerunfilecheck 2019/12/05 v1.9 Rerun checks for auxiliary files (HO)

(/usr/share/texlive/texmf-dist/tex/generic/uniquecounter/uniquecounter.sty
Package: uniquecounter 2019/12/15 v1.4 Provide unlimited unique counter (HO)
)
Package uniquecounter Info: New unique counter `rerunfilecheck' on input line 2
86.
)
\Hy@SectionHShift=\skip56
)
(/usr/share/texlive/texmf-dist/tex/latex/cleveref/cleveref.sty
Package: cleveref 2018/03/27 v0.21.4 Intelligent cross-referencing
Package cleveref Info: `hyperref' support loaded on input line 2370.
LaTeX Info: Redefining \cref on input line 2370.
LaTeX Info: Redefining \Cref on input line 2370.
LaTeX Info: Redefining \crefrange on input line 2370.
LaTeX Info: Redefining \Crefrange on input line 2370.
LaTeX Info: Redefining \cpageref on input line 2370.
LaTeX Info: Redefining \Cpageref on input line 2370.
LaTeX Info: Redefining \cpagerefrange on input line 2370.
LaTeX Info: Redefining \Cpagerefrange on input line 2370.
LaTeX Info: Redefining \labelcref on input line 2370.
LaTeX Info: Redefining \labelcpageref on input line 2370.
)
(/usr/share/texlive/texmf-dist/tex/latex/xcolor/xcolor.sty
Package: xcolor 2021/10/31 v2.13 LaTeX color extensions (UK)

(/usr/share/texlive/texmf-dist/tex/latex/graphics-cfg/color.cfg
File: color.cfg 2016/01/02 v1.6 sample color configuration
)
Package xcolor Info: Driver file: pdftex.def on input line 227.
Package xcolor Info: Model `cmy' substituted by `cmy0' on input line 1352.
Package xcolor Info: Model `hsb' substituted by `rgb' on input line 1356.
Package xcolor Info: Model `RGB' extended on input line 1368.
Package xcolor Info: Model `HTML' substituted by `rgb' on input line 1370.
Package xcolor Info: Model `Hsb' substituted by `hsb' on input line 1371.
Package xcolor Info: Model `tHsb' substituted by `hsb' on input line 1372.
Package xcolor Info: Model `HSB' substituted by `hsb' on input line 1373.
Package xcolor Info: Model `Gray' substituted by `gray' on input line 1374.
Package xcolor Info: Model `wave' substituted by `hsb' on input line 1375.
)
(/usr/share/texlive/texmf-dist/tex/latex/tools/bm.sty
Package: bm 2021/04/25 v1.2e Bold Symbol Support (DPC/FMi)
\symboldoperators=\mathgroup6
\symboldletters=\mathgroup7
\symboldsymbols=\mathgroup8
Package bm Info: No bold for \OMX/cmex/m/n, using \pmb.
Package bm Info: No bold for \U/msa/m/n, using \pmb.
Package bm Info: No bold for \U/msb/m/n, using \pmb.
LaTeX Font Info:    Redeclaring math alphabet \mathbf on input line 149.
)
(/usr/share/texlive/texmf-dist/tex/latex/lineno/lineno.sty
Package: lineno 2005/11/02 line numbers on paragraphs v4.41
\linenopenalty=\count294
\output=\toks24
\linenoprevgraf=\count295
\linenumbersep=\dimen172
\linenumberwidth=\dimen173
\c@linenumber=\count296
\c@pagewiselinenumber=\count297
\c@LN@truepage=\count298
\c@internallinenumber=\count299
\c@internallinenumbers=\count300
\quotelinenumbersep=\dimen174
\bframerule=\dimen175
\bframesep=\dimen176
\bframebox=\box59
LaTeX Info: Redefining \\ on input line 3056.
)
(/usr/share/texlive/texmf-dist/tex/latex/enumitem/enumitem.sty
Package: enumitem 2019/06/20 v3.9 Customized lists
\labelindent=\skip57
\enit@outerparindent=\dimen177
\enit@toks=\toks25
\enit@inbox=\box60
\enit@count@id=\count301
\enitdp@description=\count302
)
(./math_commands.tex) (./main_elsevier.aux)
\openout1 = `main_elsevier.aux'.

LaTeX Font Info:    Checking defaults for OML/cmm/m/it on input line 19.
LaTeX Font Info:    ... okay on input line 19.
LaTeX Font Info:    Checking defaults for OMS/cmsy/m/n on input line 19.
LaTeX Font Info:    ... okay on input line 19.
LaTeX Font Info:    Checking defaults for OT1/cmr/m/n on input line 19.
LaTeX Font Info:    ... okay on input line 19.
LaTeX Font Info:    Checking defaults for T1/cmr/m/n on input line 19.
LaTeX Font Info:    ... okay on input line 19.
LaTeX Font Info:    Checking defaults for TS1/cmr/m/n on input line 19.
LaTeX Font Info:    ... okay on input line 19.
LaTeX Font Info:    Checking defaults for OMX/cmex/m/n on input line 19.
LaTeX Font Info:    ... okay on input line 19.
LaTeX Font Info:    Checking defaults for U/cmr/m/n on input line 19.
LaTeX Font Info:    ... okay on input line 19.
LaTeX Font Info:    Checking defaults for PD1/pdf/m/n on input line 19.
LaTeX Font Info:    ... okay on input line 19.
LaTeX Font Info:    Checking defaults for PU/pdf/m/n on input line 19.
LaTeX Font Info:    ... okay on input line 19.

(/usr/share/texlive/texmf-dist/tex/context/base/mkii/supp-pdf.mkii
[Loading MPS to PDF converter (version 2006.09.02).]
\scratchcounter=\count303
\scratchdimen=\dimen178
\scratchbox=\box61
\nofMPsegments=\count304
\nofMParguments=\count305
\everyMPshowfont=\toks26
\MPscratchCnt=\count306
\MPscratchDim=\dimen179
\MPnumerator=\count307
\makeMPintoPDFobject=\count308
\everyMPtoPDFconversion=\toks27
) (/usr/share/texlive/texmf-dist/tex/latex/epstopdf-pkg/epstopdf-base.sty
Package: epstopdf-base 2020-01-24 v2.11 Base part for package epstopdf
Package epstopdf-base Info: Redefining graphics rule for `.eps' on input line 4
85.

(/usr/share/texlive/texmf-dist/tex/latex/latexconfig/epstopdf-sys.cfg
File: epstopdf-sys.cfg 2010/07/13 v1.3 Configuration of (r)epstopdf for TeX Liv
e
))
Package hyperref Info: Link coloring OFF on input line 19.

(/usr/share/texlive/texmf-dist/tex/latex/hyperref/nameref.sty
Package: nameref 2021-04-02 v2.47 Cross-referencing by name of section

(/usr/share/texlive/texmf-dist/tex/latex/refcount/refcount.sty
Package: refcount 2019/12/15 v3.6 Data extraction from label references (HO)
)
(/usr/share/texlive/texmf-dist/tex/generic/gettitlestring/gettitlestring.sty
Package: gettitlestring 2019/12/15 v1.6 Cleanup title references (HO)
)
\c@section@level=\count309
)
LaTeX Info: Redefining \ref on input line 19.
LaTeX Info: Redefining \pageref on input line 19.
LaTeX Info: Redefining \nameref on input line 19.

(./main_elsevier.out) (./main_elsevier.out)
\@outlinefile=\write4
\openout4 = `main_elsevier.out'.

 (./sections/0_abstract.tex
LaTeX Font Info:    Trying to load font information for U+msa on input line 2.

(/usr/share/texlive/texmf-dist/tex/latex/amsfonts/umsa.fd
File: umsa.fd 2013/01/14 v3.01 AMS symbols A
)
LaTeX Font Info:    Trying to load font information for U+msb on input line 2.

(/usr/share/texlive/texmf-dist/tex/latex/amsfonts/umsb.fd
File: umsb.fd 2013/01/14 v3.01 AMS symbols B
))
Overfull \hbox (2.61108pt too wide) has occurred while \output is active
[] 
 []


Package hyperref Warning: Token not allowed in a PDF string (Unicode):
(hyperref)                removing `\<def>-command' on input line 36.


Package hyperref Warning: Token not allowed in a PDF string (Unicode):
(hyperref)                removing `\cnotenum' on input line 36.


Package hyperref Warning: Token not allowed in a PDF string (Unicode):
(hyperref)                removing `\<def>-command' on input line 36.


Package hyperref Warning: Token not allowed in a PDF string (Unicode):
(hyperref)                removing `\@corref' on input line 36.

[1


{/var/lib/texmf/fonts/map/pdftex/updmap/pdftex.map}]
(./sections/1_introduction.tex
Overfull \hbox (4.95285pt too wide) in paragraph at lines 4--6
[]\OT1/cmr/m/n/12 The tem-per-a-ture anisotropies of the cos-mic mi-crowave bac
k-ground (CMB),
 []

[2]
Overfull \hbox (20.55695pt too wide) in paragraph at lines 26--30
[]\OT1/cmr/m/n/12 The orig-i-nal DSC work val-i-dates the cool-ing law only thr
ough one-dimensional
 []

[3] [4]
Overfull \hbox (2.8427pt too wide) in paragraph at lines 60--65
[]\OT1/cmr/bx/n/12 Pillars M, N: the $\OT1/cmr/m/n/12 1\OML/cmm/m/it/12 = [][]$
 \OT1/cmr/bx/n/12 ansatz is in-ter-nally self-consistent across
 []


Overfull \hbox (39.57869pt too wide) in paragraph at lines 60--65
\OT1/cmr/bx/n/12 regimes. \OT1/cmr/m/n/12 Pil-lar M shows that the mod-u-lat-in
g func-tion $\OML/cmm/m/it/12 ^^X\OT1/cmr/m/n/12 (\OML/cmm/m/it/12 z\OT1/cmr/m/
n/12 ) = 10[]\OML/cmm/m/it/12 = [][]\OT1/cmr/m/n/12 (\OML/cmm/m/it/12 t\OT1/cmr
/m/n/12 (\OML/cmm/m/it/12 z\OT1/cmr/m/n/12 )\OML/cmm/m/it/12 =t[]\OT1/cmr/m/n/1
2 )$
 []


Overfull \hbox (6.72299pt too wide) in paragraph at lines 66--71
\OT1/cmr/bx/n/12 model's pre-dic-tion. \OT1/cmr/m/n/12 On 32 cos-mic chronome-t
ers (Pil-lar F), Pantheon$+$
 []

[5] [6]) (./sections/2_background.tex
Overfull \hbox (3.27884pt too wide) in paragraph at lines 11--12
 []\OT1/cmr/m/it/12 Assumption 1 (Dis-crete space-time)..[] \OT1/cmr/m/n/12 Spa
ce-time is a cu-bic lat-tice at the Planck
 []

[7]

Package hyperref Warning: Token not allowed in a PDF string (Unicode):
(hyperref)                removing `math shift' on input line 34.


Package hyperref Warning: Token not allowed in a PDF string (Unicode):
(hyperref)                removing `\mathop' on input line 34.


Package hyperref Warning: Token not allowed in a PDF string (Unicode):
(hyperref)                removing `\mathgroup' on input line 34.


Package hyperref Warning: Token not allowed in a PDF string (Unicode):
(hyperref)                removing `\symoperators' on input line 34.


Package hyperref Warning: Token not allowed in a PDF string (Unicode):
(hyperref)                removing `\@ifnextchar' on input line 34.


Package hyperref Warning: Token not allowed in a PDF string (Unicode):
(hyperref)                removing `superscript' on input line 34.


Package hyperref Warning: Token not allowed in a PDF string (Unicode):
(hyperref)                removing `math shift' on input line 34.

[8]
Overfull \hbox (23.06364pt too wide) in paragraph at lines 70--72
\OT1/cmr/m/n/12 predicting mono-tone re-lax-ation to-ward an asymp-totic rate $
\OML/cmm/m/it/12 H[] \OT1/cmr/m/n/12 = [] \OML/cmm/m/it/12 <
 []


Overfull \hbox (1.36548pt too wide) in paragraph at lines 77--79
[]\OT1/cmr/m/n/12 The orig-i-nal DSC pa-per val-i-dates the cool-ing law us-ing
 the area-preserving
 []

[9]
<../figures//fig14_symplecticity.pdf, id=318, 489.23196pt x 166.26366pt>
File: ../figures//fig14_symplecticity.pdf Graphic file (type pdf)
<use ../figures//fig14_symplecticity.pdf>
Package pdftex.def Info: ../figures//fig14_symplecticity.pdf  used on input lin
e 112.
(pdftex.def)             Requested size: 390.0pt x 132.54175pt.
) (./sections/3_methods.tex [10] [11 <../figures//fig14_symplecticity.pdf>]
Overfull \hbox (5.25906pt too wide) in paragraph at lines 40--41
\OT1/cmr/m/n/12 Carte-sian in-dices $(\OML/cmm/m/it/12 x; y; z\OT1/cmr/m/n/12 )
 = (\OML/cmm/m/it/12 N=\OT1/cmr/m/n/12 2 + \OML/cmm/m/it/12 r [] ^^R [] '; N=\O
T1/cmr/m/n/12 2 + \OML/cmm/m/it/12 r [] ^^R [] '; N=\OT1/cmr/m/n/12 2 +
 []

[12]
Overfull \hbox (22.02074pt too wide) in paragraph at lines 47--48
[]\OT1/cmr/m/n/12 For ab-la-tion, we com-pare against a dis-si-pa-tive cou-pled
 map lat-tice (CML) [[]]: 
 []

[13]) (./sections/4_results.tex [14]
Overfull \hbox (1.64038pt too wide) in paragraph at lines 23--25
\OT1/cmr/m/n/12 structure con-stant $\OML/cmm/m/it/12 $\OT1/cmr/m/n/12 , us-in
g two in-de-pen-dent peer-reviewed quasar absorption-
 []

[15]
<../figures//fig18_alpha_drift_quasar.pdf, id=466, 446.35023pt x 330.3937pt>
File: ../figures//fig18_alpha_drift_quasar.pdf Graphic file (type pdf)
<use ../figures//fig18_alpha_drift_quasar.pdf>
Package pdftex.def Info: ../figures//fig18_alpha_drift_quasar.pdf  used on inpu
t line 51.
(pdftex.def)             Requested size: 390.0pt x 288.68542pt.
<../figures//fig20_quasar_293_fit.pdf, id=469, 499.38857pt x 390.92926pt>
File: ../figures//fig20_quasar_293_fit.pdf Graphic file (type pdf)
<use ../figures//fig20_quasar_293_fit.pdf>
Package pdftex.def Info: ../figures//fig20_quasar_293_fit.pdf  used on input li
ne 64.
(pdftex.def)             Requested size: 390.0pt x 305.30536pt.

Overfull \hbox (57.71452pt too wide) in paragraph at lines 72--75
\OT1/cmr/m/n/12 absorber cat-a-log of Mur-phy, Webb & Flam-baum 2003 [[]] via V
izieR (\OT1/cmtt/m/n/12 J/MNRAS/345/609\OT1/cmr/m/n/12 ,
 []

[16] [17 <../figures//fig18_alpha_drift_quasar.pdf>] [18 <../figures//fig20_qua
sar_293_fit.pdf>] [19]
<../figures//fig28_pillar_K_murphy_forest.pdf, id=671, 655.47136pt x 389.73293p
t>
File: ../figures//fig28_pillar_K_murphy_forest.pdf Graphic file (type pdf)
<use ../figures//fig28_pillar_K_murphy_forest.pdf>
Package pdftex.def Info: ../figures//fig28_pillar_K_murphy_forest.pdf  used on 
input line 116.
(pdftex.def)             Requested size: 390.0pt x 231.88504pt.
<../figures//fig27_pillar_K_subset.pdf, id=673, 933.45792pt x 354.55327pt>
File: ../figures//fig27_pillar_K_subset.pdf Graphic file (type pdf)
<use ../figures//fig27_pillar_K_subset.pdf>
Package pdftex.def Info: ../figures//fig27_pillar_K_subset.pdf  used on input l
ine 130.
(pdftex.def)             Requested size: 390.0pt x 148.13231pt.
 [20] [21 <../figures//fig28_pillar_K_murphy_forest.pdf> <../figures//fig27_pil
lar_K_subset.pdf>]
<../figures//fig30_pillar_N_atomic_clock.pdf, id=824, 606.71443pt x 389.21672pt
>
File: ../figures//fig30_pillar_N_atomic_clock.pdf Graphic file (type pdf)
<use ../figures//fig30_pillar_N_atomic_clock.pdf>
Package pdftex.def Info: ../figures//fig30_pillar_N_atomic_clock.pdf  used on i
nput line 150.
(pdftex.def)             Requested size: 390.0pt x 250.19655pt.
 [22 <../figures//fig30_pillar_N_atomic_clock.pdf>]
<../figures//fig19_jwst_h0_anchors.pdf, id=903, 1589.94pt x 1011.78pt>
File: ../figures//fig19_jwst_h0_anchors.pdf Graphic file (type pdf)
<use ../figures//fig19_jwst_h0_anchors.pdf>
Package pdftex.def Info: ../figures//fig19_jwst_h0_anchors.pdf  used on input l
ine 171.
(pdftex.def)             Requested size: 390.0pt x 248.17387pt.
 [23 <../figures//fig19_jwst_h0_anchors.pdf>]
<../figures//fig21_camb_fisher.pdf, id=918, 486.72879pt x 559.88922pt>
File: ../figures//fig21_camb_fisher.pdf Graphic file (type pdf)
<use ../figures//fig21_camb_fisher.pdf>
Package pdftex.def Info: ../figures//fig21_camb_fisher.pdf  used on input line 
185.
(pdftex.def)             Requested size: 390.0pt x 448.62106pt.
<../figures//fig22_late_stability.pdf, id=920, 494.46858pt x 611.15515pt>
File: ../figures//fig22_late_stability.pdf Graphic file (type pdf)
<use ../figures//fig22_late_stability.pdf>
Package pdftex.def Info: ../figures//fig22_late_stability.pdf  used on input li
ne 203.
(pdftex.def)             Requested size: 390.0pt x 482.06123pt.
<../figures//fig23_cc_hz_pillar_F.pdf, id=923, 569.59326pt x 427.56075pt>
File: ../figures//fig23_cc_hz_pillar_F.pdf Graphic file (type pdf)
<use ../figures//fig23_cc_hz_pillar_F.pdf>
Package pdftex.def Info: ../figures//fig23_cc_hz_pillar_F.pdf  used on input li
ne 216.
(pdftex.def)             Requested size: 390.0pt x 292.7599pt.
 [24] [25 <../figures//fig21_camb_fisher.pdf>] [26 <../figures//fig22_late_stab
ility.pdf>] [27 <../figures//fig23_cc_hz_pillar_F.pdf>]
<../figures//fig24_pantheon_pillar_G.pdf, id=1276, 931.37695pt x 352.46797pt>
File: ../figures//fig24_pantheon_pillar_G.pdf Graphic file (type pdf)
<use ../figures//fig24_pantheon_pillar_G.pdf>
Package pdftex.def Info: ../figures//fig24_pantheon_pillar_G.pdf  used on input
 line 228.
(pdftex.def)             Requested size: 390.0pt x 147.59451pt.
<../figures//fig25_desi_pillar_H.pdf, id=1279, 931.25075pt x 354.82294pt>
File: ../figures//fig25_desi_pillar_H.pdf Graphic file (type pdf)
<use ../figures//fig25_desi_pillar_H.pdf>
Package pdftex.def Info: ../figures//fig25_desi_pillar_H.pdf  used on input lin
e 240.
(pdftex.def)             Requested size: 390.0pt x 148.5969pt.
 [28 <../figures//fig24_pantheon_pillar_G.pdf>]
Overfull \hbox (6.83014pt too wide) in paragraph at lines 249--254
 []\OT1/cmr/m/it/12 Pillar J: Joint DESI + Pantheon$\OT1/cmr/m/n/12 +$ \OT1/cmr
/m/it/12 + cos-mic chronome-ters (1623 con-straints)..[]
 []

<../figures//fig26_pillar_J_joint.pdf, id=1380, 535.94246pt x 352.87834pt>
File: ../figures//fig26_pillar_J_joint.pdf Graphic file (type pdf)
<use ../figures//fig26_pillar_J_joint.pdf>
Package pdftex.def Info: ../figures//fig26_pillar_J_joint.pdf  used on input li
ne 257.
(pdftex.def)             Requested size: 312.00119pt x 205.42879pt.
<../figures//fig29_pillar_M_leverage.pdf, id=1382, 931.92508pt x 366.03609pt>
File: ../figures//fig29_pillar_M_leverage.pdf Graphic file (type pdf)
<use ../figures//fig29_pillar_M_leverage.pdf>
Package pdftex.def Info: ../figures//fig29_pillar_M_leverage.pdf  used on input
 line 270.
(pdftex.def)             Requested size: 390.0pt x 153.18117pt.
[29 <../figures//fig25_desi_pillar_H.pdf>]
Overfull \hbox (11.32361pt too wide) in paragraph at lines 283--287
[]\OT1/cmr/m/n/12 To quan-tify the dis-crim-i-na-tion power of plau-si-ble fu-t
ure cosmic-chronometer
 []


Overfull \hbox (31.81781pt too wide) in paragraph at lines 283--287
\OT1/cmr/m/n/12 sur-veys, we run mock-data fore-casts: for each sur-vey con-fig
-u-ra-tion $(\OML/cmm/m/it/12 N; z[]; ^^[[]=H\OT1/cmr/m/n/12 )$,
 []

[30 <../figures//fig26_pillar_J_joint.pdf>]
<../figures//fig31_pillar_O_forecast.pdf, id=1548, 931.1578pt x 366.39993pt>
File: ../figures//fig31_pillar_O_forecast.pdf Graphic file (type pdf)
<use ../figures//fig31_pillar_O_forecast.pdf>
Package pdftex.def Info: ../figures//fig31_pillar_O_forecast.pdf  used on input
 line 311.
(pdftex.def)             Requested size: 390.0pt x 153.46202pt.
 [31 <../figures//fig29_pillar_M_leverage.pdf>] [32 <../figures//fig31_pillar_O
_forecast.pdf>]
(../figures/TABLE_gaussianity.tex)
Overfull \hbox (5.11267pt too wide) in paragraph at lines 350--353
[]\OT1/cmr/m/n/12 Figure []16[] com-pares the dis-si-pa-tive CML (eq. ([]15[]))
 with the weakly damped
 []

[33]
<../figures//fig2_ablation.pdf, id=1765, 497.00568pt x 332.72432pt>
File: ../figures//fig2_ablation.pdf Graphic file (type pdf)
<use ../figures//fig2_ablation.pdf>
Package pdftex.def Info: ../figures//fig2_ablation.pdf  used on input line 363.

(pdftex.def)             Requested size: 390.0pt x 261.08762pt.
 [34] [35 <../figures//fig2_ablation.pdf>]
<../figures//fig3_acoustic_peaks.pdf, id=1849, 225.63347pt x 173.29314pt>
File: ../figures//fig3_acoustic_peaks.pdf Graphic file (type pdf)
<use ../figures//fig3_acoustic_peaks.pdf>
Package pdftex.def Info: ../figures//fig3_acoustic_peaks.pdf  used on input lin
e 387.
(pdftex.def)             Requested size: 390.0pt x 299.5418pt.
 (../figures/TABLE_peaks.tex)
[36] [37 <../figures//fig3_acoustic_peaks.pdf>]
<../figures//fig5_freezeout.pdf, id=1908, 710.35008pt x 298.73364pt>
File: ../figures//fig5_freezeout.pdf Graphic file (type pdf)
<use ../figures//fig5_freezeout.pdf>
Package pdftex.def Info: ../figures//fig5_freezeout.pdf  used on input line 432
.
(pdftex.def)             Requested size: 390.0pt x 164.01227pt.
 [38 <../figures//fig5_freezeout.pdf>]
<../figures//fig4_twin_experiment.pdf, id=1984, 491.11859pt x 187.57515pt>
File: ../figures//fig4_twin_experiment.pdf Graphic file (type pdf)
<use ../figures//fig4_twin_experiment.pdf>
Package pdftex.def Info: ../figures//fig4_twin_experiment.pdf  used on input li
ne 455.
(pdftex.def)             Requested size: 390.0pt x 148.96124pt.
 [39 <../figures//fig4_twin_experiment.pdf>]
<../figures//fig8_planck_comparison.pdf, id=2087, 506.80464pt x 435.47305pt>
File: ../figures//fig8_planck_comparison.pdf Graphic file (type pdf)
<use ../figures//fig8_planck_comparison.pdf>
Package pdftex.def Info: ../figures//fig8_planck_comparison.pdf  used on input 
line 480.
(pdftex.def)             Requested size: 390.0pt x 335.12259pt.
 [40] [41 <../figures//fig8_planck_comparison.pdf>]
<../figures//fig10_grf_baseline.pdf, id=2170, 485.89528pt x 178.266pt>
File: ../figures//fig10_grf_baseline.pdf Graphic file (type pdf)
<use ../figures//fig10_grf_baseline.pdf>
Package pdftex.def Info: ../figures//fig10_grf_baseline.pdf  used on input line
 518.
(pdftex.def)             Requested size: 390.0pt x 143.08899pt.
 [42 <../figures//fig10_grf_baseline.pdf>]
<../figures//fig12_convergence.pdf, id=2180, 484.69081pt x 165.9801pt>
File: ../figures//fig12_convergence.pdf Graphic file (type pdf)
<use ../figures//fig12_convergence.pdf>
Package pdftex.def Info: ../figures//fig12_convergence.pdf  used on input line 
536.
(pdftex.def)             Requested size: 390.0pt x 133.55417pt.

Overfull \hbox (4.55922pt too wide) in paragraph at lines 561--573
 [][] 
 []

[43 <../figures//fig12_convergence.pdf>]
<../figures//fig17_camb_benchmark.pdf, id=2192, 568.50388pt x 564.52507pt>
File: ../figures//fig17_camb_benchmark.pdf Graphic file (type pdf)
<use ../figures//fig17_camb_benchmark.pdf>
Package pdftex.def Info: ../figures//fig17_camb_benchmark.pdf  used on input li
ne 582.
(pdftex.def)             Requested size: 390.0pt x 387.26587pt.
<../figures//fig7_sensitivity.pdf, id=2194, 491.06146pt x 289.0825pt>
File: ../figures//fig7_sensitivity.pdf Graphic file (type pdf)
<use ../figures//fig7_sensitivity.pdf>
Package pdftex.def Info: ../figures//fig7_sensitivity.pdf  used on input line 5
94.
(pdftex.def)             Requested size: 390.0pt x 229.59894pt.
<../figures//fig6_ensemble.pdf, id=2195, 492.1587pt x 144.29909pt>
File: ../figures//fig6_ensemble.pdf Graphic file (type pdf)
<use ../figures//fig6_ensemble.pdf>
Package pdftex.def Info: ../figures//fig6_ensemble.pdf  used on input line 604.

(pdftex.def)             Requested size: 390.0pt x 114.34511pt.
 [44] [45 <../figures//fig17_camb_benchmark.pdf>] [46 <../figures//fig7_sensiti
vity.pdf> <../figures//fig6_ensemble.pdf>]
Overfull \hbox (1.25151pt too wide) in paragraph at lines 627--629
[]\OT1/cmr/m/n/12 The re-con-structed map pre-serves the Gaus-sian-ity of the t
ar-get: the Planck
 []

<../figures//fig13_heldout.pdf, id=2351, 482.82492pt x 147.76926pt>
File: ../figures//fig13_heldout.pdf Graphic file (type pdf)
<use ../figures//fig13_heldout.pdf>
Package pdftex.def Info: ../figures//fig13_heldout.pdf  used on input line 646.

(pdftex.def)             Requested size: 390.0pt x 119.36098pt.
[47] [48 <../figures//fig13_heldout.pdf>]
<../figures//fig17_3d_power_spectrum.pdf, id=2413, 231.21375pt x 187.44417pt>
File: ../figures//fig17_3d_power_spectrum.pdf Graphic file (type pdf)
<use ../figures//fig17_3d_power_spectrum.pdf>
Package pdftex.def Info: ../figures//fig17_3d_power_spectrum.pdf  used on input
 line 670.
(pdftex.def)             Requested size: 390.0pt x 316.20543pt.
<../figures//fig15_degeneracy_breaking.pdf, id=2414, 408.80003pt x 382.81306pt>

File: ../figures//fig15_degeneracy_breaking.pdf Graphic file (type pdf)
<use ../figures//fig15_degeneracy_breaking.pdf>
Package pdftex.def Info: ../figures//fig15_degeneracy_breaking.pdf  used on inp
ut line 678.
(pdftex.def)             Requested size: 390.0pt x 365.21826pt.
<../figures//fig9_inverse_reconstruction.pdf, id=2415, 515.28508pt x 367.85585p
t>
File: ../figures//fig9_inverse_reconstruction.pdf Graphic file (type pdf)
<use ../figures//fig9_inverse_reconstruction.pdf>
Package pdftex.def Info: ../figures//fig9_inverse_reconstruction.pdf  used on i
nput line 687.
(pdftex.def)             Requested size: 390.0pt x 278.41707pt.
 [49 <../figures//fig17_3d_power_spectrum.pdf>] [50 <../figures//fig15_degenera
cy_breaking.pdf>] [51 <../figures//fig9_inverse_reconstruction.pdf>]
<../figures//fig16_cosmic_timeline.pdf, id=2598, 1858.2423pt x 1069.99872pt>
File: ../figures//fig16_cosmic_timeline.pdf Graphic file (type pdf)
<use ../figures//fig16_cosmic_timeline.pdf>
Package pdftex.def Info: ../figures//fig16_cosmic_timeline.pdf  used on input l
ine 726.
(pdftex.def)             Requested size: 390.0pt x 224.55942pt.
 [52] [53 <../figures//fig16_cosmic_timeline.pdf>] [54]) (./sections/5_discussi
on.tex [55] [56] [57] [58])
(./sections/6_limitations.tex [59] [60]) (./sections/7_conclusion.tex
Overfull \hbox (20.2013pt too wide) in paragraph at lines 8--12
\OT1/cmr/m/n/12 must sat-isfy three con-straints si-mul-ta-ne-ously: (i) be ob-
serv-able at cosmologically-
 []


Overfull \hbox (18.01208pt too wide) in paragraph at lines 14--17
\OT1/cmr/m/n/12 to-tal bud-get). Pil-lar K cross-validates this on a sec-ond in
-de-pen-dent Keck/HIRES
 []

[61] [62]) [63]
Overfull \hbox (121.67831pt too wide) in paragraph at lines 52--54
\OT1/cmtt/m/n/12 maris205 / riemann _ engine$[]\OT1/cmr/m/n/12 . The Planck SMI
CA map (\OT1/cmtt/m/n/12 COM[]CMB[]IQU-smica[]2048[]R3.00[]full.fits\OT1/cmr/m/
n/12 )
 []

(./sections/A_appendix.tex
<../figures//fig1_hero.pdf, id=2864, 491.42409pt x 382.8246pt>
File: ../figures//fig1_hero.pdf Graphic file (type pdf)
<use ../figures//fig1_hero.pdf>
Package pdftex.def Info: ../figures//fig1_hero.pdf  used on input line 8.
(pdftex.def)             Requested size: 390.0pt x 303.8242pt.
) (./main_elsevier.bbl [64] [65 <../figures//fig1_hero.pdf>] [66] [67] [68]
Underfull \hbox (badness 1142) in paragraph at lines 274--278
\OT1/cmr/m/n/12 set, Phys-i-cal Re-view Let-ters 59 (1987) 521--524.  []$\OT1/c
mtt/m/n/12 doi : 10 . 1103 /
 []

[69]) [70] (./main_elsevier.aux)
Package rerunfilecheck Info: File `main_elsevier.out' has not changed.
(rerunfilecheck)             Checksum: 98083C853063B2E1E4250EB269BB6800;7912.
 ) 
Here is how much of TeX's memory you used:
 14274 strings out of 480171
 236337 string characters out of 5894489
 532427 words of memory out of 5000000
 31701 multiletter control sequences out of 15000+600000
 485913 words of font info for 89 fonts, out of 8000000 for 9000
 59 hyphenation exceptions out of 8191
 70i,11n,76p,1798b,617s stack positions out of 5000i,500n,10000p,200000b,80000s
 </root/.texlive2021/texmf-var/fonts/pk/ljfour/jknappen/ec/tcrm1200.600pk></u
sr/share/texlive/texmf-dist/fonts/type1/public/amsfonts/cm/cmbx12.pfb></usr/sha
re/texlive/texmf-dist/fonts/type1/public/amsfonts/cm/cmex10.pfb></usr/share/tex
live/texmf-dist/fonts/type1/public/amsfonts/cm/cmmi10.pfb></usr/share/texlive/t
exmf-dist/fonts/type1/public/amsfonts/cm/cmmi12.pfb></usr/share/texlive/texmf-d
ist/fonts/type1/public/amsfonts/cm/cmmi6.pfb></usr/share/texlive/texmf-dist/fon
ts/type1/public/amsfonts/cm/cmmi7.pfb></usr/share/texlive/texmf-dist/fonts/type
1/public/amsfonts/cm/cmmi8.pfb></usr/share/texlive/texmf-dist/fonts/type1/publi
c/amsfonts/cm/cmmib10.pfb></usr/share/texlive/texmf-dist/fonts/type1/public/ams
fonts/cmextra/cmmib8.pfb></usr/share/texlive/texmf-dist/fonts/type1/public/amsf
onts/cm/cmr10.pfb></usr/share/texlive/texmf-dist/fonts/type1/public/amsfonts/cm
/cmr12.pfb></usr/share/texlive/texmf-dist/fonts/type1/public/amsfonts/cm/cmr17.
pfb></usr/share/texlive/texmf-dist/fonts/type1/public/amsfonts/cm/cmr5.pfb></us
r/share/texlive/texmf-dist/fonts/type1/public/amsfonts/cm/cmr6.pfb></usr/share/
texlive/texmf-dist/fonts/type1/public/amsfonts/cm/cmr7.pfb></usr/share/texlive/
texmf-dist/fonts/type1/public/amsfonts/cm/cmr8.pfb></usr/share/texlive/texmf-di
st/fonts/type1/public/amsfonts/cm/cmss8.pfb></usr/share/texlive/texmf-dist/font
s/type1/public/amsfonts/cm/cmsy10.pfb></usr/share/texlive/texmf-dist/fonts/type
1/public/amsfonts/cm/cmsy7.pfb></usr/share/texlive/texmf-dist/fonts/type1/publi
c/amsfonts/cm/cmsy8.pfb></usr/share/texlive/texmf-dist/fonts/type1/public/amsfo
nts/cm/cmti10.pfb></usr/share/texlive/texmf-dist/fonts/type1/public/amsfonts/cm
/cmti12.pfb></usr/share/texlive/texmf-dist/fonts/type1/public/amsfonts/cm/cmti7
.pfb></usr/share/texlive/texmf-dist/fonts/type1/public/amsfonts/cm/cmtt10.pfb><
/usr/share/texlive/texmf-dist/fonts/type1/public/amsfonts/cm/cmtt12.pfb></usr/s
hare/texlive/texmf-dist/fonts/type1/public/amsfonts/symbols/msam10.pfb></usr/sh
are/texlive/texmf-dist/fonts/type1/public/amsfonts/symbols/msbm10.pfb>
Output written on main_elsevier.pdf (70 pages, 10256986 bytes).
PDF statistics:
 3230 PDF objects out of 3580 (max. 8388607)
 1336 compressed objects within 14 object streams
 276 named destinations out of 1000 (max. 500000)
 428 words of extra memory for PDF output out of 10000 (max. 10000000)

